"../../../Engine/Content/EditorResources/S_Actor.ubulk" 0
"../../../Engine/Content/EditorResources/S_Actor.uasset" 1
"../../../Engine/Content/EditorResources/S_Actor.uexp" 2
"../../../Engine/Content/EditorResources/S_BoxReflectionCapture.uasset" 3
"../../../Engine/Content/EditorResources/S_BoxReflectionCapture.uexp" 4
"../../../Engine/Content/EngineResources/DefaultTexture.ubulk" 5
"../../../Engine/Content/EngineResources/DefaultTexture.uasset" 6
"../../../Engine/Content/EngineResources/DefaultTexture.uexp" 7
"../../../Engine/Content/EngineResources/DefaultTextureCube.uasset" 8
"../../../Engine/Content/EngineResources/DefaultTextureCube.uexp" 9
"../../../Engine/Content/EngineResources/DefaultVolumeTexture2D.uasset" 10
"../../../Engine/Content/EngineResources/DefaultVolumeTexture2D.uexp" 11
"../../../Engine/Content/EngineResources/DefaultVolumeTexture.uasset" 12
"../../../Engine/Content/EngineResources/DefaultVolumeTexture.uexp" 13
"../../../Engine/Content/EditorResources/S_Trigger.ubulk" 14
"../../../Engine/Content/EditorResources/S_Trigger.uasset" 15
"../../../Engine/Content/EditorResources/S_Trigger.uexp" 16
"../../../Engine/Content/EditorResources/S_TriggerBox.uasset" 17
"../../../Engine/Content/EditorResources/S_TriggerBox.uexp" 18
"../../../Engine/Content/EditorResources/S_TriggerCapsule.uasset" 19
"../../../Engine/Content/EditorResources/S_TriggerCapsule.uexp" 20
"../../../Engine/Content/EditorResources/S_TriggerSphere.uasset" 21
"../../../Engine/Content/EditorResources/S_TriggerSphere.uexp" 22
"../../../Engine/Content/EngineMeshes/Sphere.ubulk" 23
"../../../Engine/Content/EngineMeshes/Sphere.uasset" 24
"../../../Engine/Content/EngineMeshes/Sphere.uexp" 25
"../../../Engine/Content/EngineResources/GradientTexture0.uasset" 26
"../../../Engine/Content/EngineResources/GradientTexture0.uexp" 27
"../../../Engine/Content/EngineResources/Black.uasset" 28
"../../../Engine/Content/EngineResources/Black.uexp" 29
"../../../Engine/Content/VREditor/LaserPointer/VR_LaserPower_01.ubulk" 30
"../../../Engine/Content/VREditor/LaserPointer/VR_LaserPower_01.uasset" 31
"../../../Engine/Content/VREditor/LaserPointer/VR_LaserPower_01.uexp" 32
"../../../Engine/Content/VREditor/TransformGizmo/TransformGizmoMaterial.uasset" 33
"../../../Engine/Content/VREditor/TransformGizmo/TransformGizmoMaterial.uexp" 34
"../../../Engine/Content/VREditor/TransformGizmo/TranslucentTransformGizmoMaterial.uasset" 35
"../../../Engine/Content/VREditor/TransformGizmo/TranslucentTransformGizmoMaterial.uexp" 36
"../../../Engine/Content/VREditor/TransformGizmo/PlaneTranslationHandle.ubulk" 37
"../../../Engine/Content/VREditor/TransformGizmo/PlaneTranslationHandle.uasset" 38
"../../../Engine/Content/VREditor/TransformGizmo/PlaneTranslationHandle.uexp" 39
"../../../Engine/Content/VREditor/TransformGizmo/BoundingBoxCorner.ubulk" 40
"../../../Engine/Content/VREditor/TransformGizmo/BoundingBoxCorner.uasset" 41
"../../../Engine/Content/VREditor/TransformGizmo/BoundingBoxCorner.uexp" 42
"../../../Engine/Content/VREditor/TransformGizmo/BoundingBoxEdge.ubulk" 43
"../../../Engine/Content/VREditor/TransformGizmo/BoundingBoxEdge.uasset" 44
"../../../Engine/Content/VREditor/TransformGizmo/BoundingBoxEdge.uexp" 45
"../../../Engine/Content/VREditor/TransformGizmo/Main.uasset" 46
"../../../Engine/Content/VREditor/TransformGizmo/Main.uexp" 47
"../../../Engine/Content/VREditor/TransformGizmo/Xray.uasset" 48
"../../../Engine/Content/VREditor/TransformGizmo/Xray.uexp" 49
"../../../Engine/Content/VREditor/TransformGizmo/SM_Sequencer_Node.ubulk" 50
"../../../Engine/Content/VREditor/TransformGizmo/SM_Sequencer_Node.uasset" 51
"../../../Engine/Content/VREditor/TransformGizmo/SM_Sequencer_Node.uexp" 52
"../../../Engine/Content/EditorMaterials/Camera/CineMat.uasset" 53
"../../../Engine/Content/EditorMaterials/Camera/CineMat.uexp" 54
"../../../Engine/Content/EditorMaterials/Camera/MI_CineMat_Rig.uasset" 55
"../../../Engine/Content/EditorMaterials/Camera/MI_CineMat_Rig.uexp" 56
"../../../Engine/Content/EditorMeshes/Camera/SM_CraneRig_Base.ubulk" 57
"../../../Engine/Content/EditorMeshes/Camera/SM_CraneRig_Base.uasset" 58
"../../../Engine/Content/EditorMeshes/Camera/SM_CraneRig_Base.uexp" 59
"../../../Engine/Content/EditorMeshes/Camera/SM_CraneRig_Arm.ubulk" 60
"../../../Engine/Content/EditorMeshes/Camera/SM_CraneRig_Arm.uasset" 61
"../../../Engine/Content/EditorMeshes/Camera/SM_CraneRig_Arm.uexp" 62
"../../../Engine/Content/EditorMeshes/Camera/SM_CraneRig_Mount.ubulk" 63
"../../../Engine/Content/EditorMeshes/Camera/SM_CraneRig_Mount.uasset" 64
"../../../Engine/Content/EditorMeshes/Camera/SM_CraneRig_Mount.uexp" 65
"../../../Engine/Content/EditorMeshes/Camera/SM_CraneRig_Body.ubulk" 66
"../../../Engine/Content/EditorMeshes/Camera/SM_CraneRig_Body.uasset" 67
"../../../Engine/Content/EditorMeshes/Camera/SM_CraneRig_Body.uexp" 68
"../../../Engine/Content/EditorMeshes/Camera/SM_RailRig_Track.ubulk" 69
"../../../Engine/Content/EditorMeshes/Camera/SM_RailRig_Track.uasset" 70
"../../../Engine/Content/EditorMeshes/Camera/SM_RailRig_Track.uexp" 71
"../../../Engine/Content/EditorMeshes/Camera/SM_RailRig_Mount.ubulk" 72
"../../../Engine/Content/EditorMeshes/Camera/SM_RailRig_Mount.uasset" 73
"../../../Engine/Content/EditorMeshes/Camera/SM_RailRig_Mount.uexp" 74
"../../../Engine/Content/EngineMaterials/T_Default_Material_Grid_M.ubulk" 75
"../../../Engine/Content/EngineMaterials/T_Default_Material_Grid_M.uasset" 76
"../../../Engine/Content/EngineMaterials/T_Default_Material_Grid_M.uexp" 77
"../../../Engine/Content/EngineMaterials/T_Default_Material_Grid_N.ubulk" 78
"../../../Engine/Content/EngineMaterials/T_Default_Material_Grid_N.uasset" 79
"../../../Engine/Content/EngineMaterials/T_Default_Material_Grid_N.uexp" 80
"../../../Engine/Content/Functions/Engine_MaterialFunctions01/Opacity/CameraDepthFade.uasset" 81
"../../../Engine/Content/Functions/Engine_MaterialFunctions01/Opacity/CameraDepthFade.uexp" 82
"../../../Engine/Content/EngineMaterials/WorldGridMaterial.uasset" 83
"../../../Engine/Content/EngineMaterials/WorldGridMaterial.uexp" 84
"../../../Engine/Content/ArtTools/RenderToTexture/Meshes/S_1_Unit_Plane.ubulk" 85
"../../../Engine/Content/ArtTools/RenderToTexture/Meshes/S_1_Unit_Plane.uasset" 86
"../../../Engine/Content/ArtTools/RenderToTexture/Meshes/S_1_Unit_Plane.uexp" 87
"../../../Engine/Content/EditorMaterials/ParticleSystems/PSysThumbnail_NoImage.ubulk" 88
"../../../Engine/Content/EditorMaterials/ParticleSystems/PSysThumbnail_NoImage.uasset" 89
"../../../Engine/Content/EditorMaterials/ParticleSystems/PSysThumbnail_NoImage.uexp" 90
"../../../Engine/Content/EditorMaterials/ParticleSystems/PSysThumbnail_OOD.ubulk" 91
"../../../Engine/Content/EditorMaterials/ParticleSystems/PSysThumbnail_OOD.uasset" 92
"../../../Engine/Content/EditorMaterials/ParticleSystems/PSysThumbnail_OOD.uexp" 93
"../../../Engine/Content/EditorLandscapeResources/SplineEditorMeshMat.uasset" 94
"../../../Engine/Content/EditorLandscapeResources/SplineEditorMeshMat.uexp" 95
"../../../Engine/Content/EditorLandscapeResources/SplineEditorMesh.ubulk" 96
"../../../Engine/Content/EditorLandscapeResources/SplineEditorMesh.uasset" 97
"../../../Engine/Content/EditorLandscapeResources/SplineEditorMesh.uexp" 98
"../../../Engine/Content/EditorResources/S_Solver.ubulk" 99
"../../../Engine/Content/EditorResources/S_Solver.uasset" 100
"../../../Engine/Content/EditorResources/S_Solver.uexp" 101
"../../../Engine/Plugins/Media/MediaPlate/Content/SM_MediaPlateScreen.ubulk" 102
"../../../Engine/Plugins/Media/MediaPlate/Content/SM_MediaPlateScreen.uasset" 103
"../../../Engine/Plugins/Media/MediaPlate/Content/SM_MediaPlateScreen.uexp" 104
"../../../Engine/Content/EngineMaterials/Good64x64TilingNoiseHighFreq.uasset" 105
"../../../Engine/Content/EngineMaterials/Good64x64TilingNoiseHighFreq.uexp" 106
"../../../Engine/Content/EngineMaterials/DefaultBokeh.uasset" 107
"../../../Engine/Content/EngineMaterials/DefaultBokeh.uexp" 108
"../../../Engine/Content/EngineMaterials/PreintegratedSkinBRDF.uasset" 109
"../../../Engine/Content/EngineMaterials/PreintegratedSkinBRDF.uexp" 110
"../../../Engine/Content/EngineMaterials/MiniFont.uasset" 111
"../../../Engine/Content/EngineMaterials/MiniFont.uexp" 112
"../../../Engine/Content/EngineMaterials/WeightMapPlaceholderTexture.uasset" 113
"../../../Engine/Content/EngineMaterials/WeightMapPlaceholderTexture.uexp" 114
"../../../Engine/Content/EngineMaterials/DefaultWhiteGrid.ubulk" 115
"../../../Engine/Content/EngineMaterials/DefaultWhiteGrid.uasset" 116
"../../../Engine/Content/EngineMaterials/DefaultWhiteGrid.uexp" 117
"../../../Engine/Plugins/2D/Paper2D/Content/PlaceholderTextures/DummySpriteTexture.ubulk" 118
"../../../Engine/Plugins/2D/Paper2D/Content/PlaceholderTextures/DummySpriteTexture.uasset" 119
"../../../Engine/Plugins/2D/Paper2D/Content/PlaceholderTextures/DummySpriteTexture.uexp" 120
"../../../Engine/Plugins/2D/Paper2D/Content/DefaultSpriteMaterial.uasset" 121
"../../../Engine/Plugins/2D/Paper2D/Content/DefaultSpriteMaterial.uexp" 122
"../../../Engine/Plugins/2D/Paper2D/Content/OpaqueUnlitSpriteMaterial.uasset" 123
"../../../Engine/Plugins/2D/Paper2D/Content/OpaqueUnlitSpriteMaterial.uexp" 124
"../../../Engine/Plugins/2D/Paper2D/Content/MaskedUnlitSpriteMaterial.uasset" 125
"../../../Engine/Plugins/2D/Paper2D/Content/MaskedUnlitSpriteMaterial.uexp" 126
"../../../Engine/Plugins/2D/Paper2D/Content/DummySprite.uasset" 127
"../../../Engine/Plugins/2D/Paper2D/Content/DummySprite.uexp" 128
"../../../Engine/Plugins/2D/Paper2D/Content/DefaultPaperTerrainMaterial.uasset" 129
"../../../Engine/Plugins/2D/Paper2D/Content/DefaultPaperTerrainMaterial.uexp" 130
"../../../Engine/Content/Functions/Engine_MaterialFunctions02/WorldPositionOffset/CameraOffset.uasset" 131
"../../../Engine/Content/Functions/Engine_MaterialFunctions02/WorldPositionOffset/CameraOffset.uexp" 132
"../../../Engine/Plugins/Animation/ControlRig/Content/M_Manip.uasset" 133
"../../../Engine/Plugins/Animation/ControlRig/Content/M_Manip.uexp" 134
"../../../Engine/Content/EngineMaterials/DefaultMaterial.uasset" 135
"../../../Engine/Content/EngineMaterials/DefaultMaterial.uexp" 136
"../../../Engine/Content/BasicShapes/Sphere.ubulk" 137
"../../../Engine/Content/BasicShapes/Sphere.uasset" 138
"../../../Engine/Content/BasicShapes/Sphere.uexp" 139
"../../../Engine/Content/BasicShapes/Cylinder.ubulk" 140
"../../../Engine/Content/BasicShapes/Cylinder.uasset" 141
"../../../Engine/Content/BasicShapes/Cylinder.uexp" 142
"../../../Engine/Content/EditorResources/S_Terrain.ubulk" 143
"../../../Engine/Content/EditorResources/S_Terrain.uasset" 144
"../../../Engine/Content/EditorResources/S_Terrain.uexp" 145
"../../../Engine/Content/EngineResources/WhiteSquareTexture.uasset" 146
"../../../Engine/Content/EngineResources/WhiteSquareTexture.uexp" 147
"../../../Engine/Content/EngineMaterials/Widget3DPassThrough.uasset" 148
"../../../Engine/Content/EngineMaterials/Widget3DPassThrough.uexp" 149
"../../../Engine/Content/EngineMaterials/Widget3DPassThrough_Translucent.uasset" 150
"../../../Engine/Content/EngineMaterials/Widget3DPassThrough_Translucent.uexp" 151
"../../../Engine/Content/EngineMaterials/Widget3DPassThrough_Translucent_OneSided.uasset" 152
"../../../Engine/Content/EngineMaterials/Widget3DPassThrough_Translucent_OneSided.uexp" 153
"../../../Engine/Content/EngineMaterials/Widget3DPassThrough_Opaque.uasset" 154
"../../../Engine/Content/EngineMaterials/Widget3DPassThrough_Opaque.uexp" 155
"../../../Engine/Content/EngineMaterials/Widget3DPassThrough_Opaque_OneSided.uasset" 156
"../../../Engine/Content/EngineMaterials/Widget3DPassThrough_Opaque_OneSided.uexp" 157
"../../../Engine/Content/EngineMaterials/Widget3DPassThrough_Masked_OneSided.uasset" 158
"../../../Engine/Content/EngineMaterials/Widget3DPassThrough_Masked_OneSided.uexp" 159
"../../../Engine/Content/EngineMaterials/Widget3DPassThrough_Masked.uasset" 160
"../../../Engine/Content/EngineMaterials/Widget3DPassThrough_Masked.uexp" 161
"../../../Engine/Content/EngineMaterials/STBlueNoise_vec2_128x128x64.uasset" 162
"../../../Engine/Content/EngineMaterials/STBlueNoise_vec2_128x128x64.uexp" 163
"../../../Engine/Content/EngineMaterials/STBlueNoise_scalar_128x128x64.uasset" 164
"../../../Engine/Content/EngineMaterials/STBlueNoise_scalar_128x128x64.uexp" 165
"../../../Engine/Content/EngineMaterials/RemoveSurfaceMaterial.uasset" 166
"../../../Engine/Content/EngineMaterials/RemoveSurfaceMaterial.uexp" 167
"../../../Engine/Plugins/Runtime/MeshModelingToolset/Content/Materials/M_DynamicMeshComponentVtxColor.uasset" 168
"../../../Engine/Plugins/Runtime/MeshModelingToolset/Content/Materials/M_DynamicMeshComponentVtxColor.uexp" 169
"../../../Engine/Plugins/Interchange/Runtime/Content/Pipelines/DefaultTexturePipeline.uasset" 170
"../../../Engine/Plugins/Interchange/Runtime/Content/Pipelines/DefaultTexturePipeline.uexp" 171
"../../../Engine/Content/Functions/Engine_MaterialFunctions02/Utility/BlendAngleCorrectedNormals.uasset" 172
"../../../Engine/Content/Functions/Engine_MaterialFunctions02/Utility/BlendAngleCorrectedNormals.uexp" 173
"../../../Engine/Content/Functions/Engine_MaterialFunctions02/ExampleContent/Textures/water_n.ubulk" 174
"../../../Engine/Content/Functions/Engine_MaterialFunctions02/ExampleContent/Textures/water_n.uasset" 175
"../../../Engine/Content/Functions/Engine_MaterialFunctions02/ExampleContent/Textures/water_n.uexp" 176
"F:/GitHub/exodus_dev/Exodus/Content/Materials/M_River.uasset" 177
"F:/GitHub/exodus_dev/Exodus/Content/Materials/M_River.uexp" 178
"F:/GitHub/exodus_dev/Exodus/Content/Materials/M_FogOfWar.uasset" 179
"F:/GitHub/exodus_dev/Exodus/Content/Materials/M_FogOfWar.uexp" 180
"../../../Engine/Plugins/Interchange/Runtime/Content/Pipelines/DefaultSceneLevelPipeline.uasset" 181
"../../../Engine/Plugins/Interchange/Runtime/Content/Pipelines/DefaultSceneLevelPipeline.uexp" 182
"../../../Engine/Plugins/Interchange/Runtime/Content/Pipelines/DefaultSceneAssetsPipeline.uasset" 183
"../../../Engine/Plugins/Interchange/Runtime/Content/Pipelines/DefaultSceneAssetsPipeline.uexp" 184
"../../../Engine/Plugins/Interchange/Runtime/Content/Pipelines/DefaultMaterialPipeline.uasset" 185
"../../../Engine/Plugins/Interchange/Runtime/Content/Pipelines/DefaultMaterialPipeline.uexp" 186
"../../../Engine/Plugins/Interchange/Runtime/Content/Pipelines/DefaultAssetsPipeline.uasset" 187
"../../../Engine/Plugins/Interchange/Runtime/Content/Pipelines/DefaultAssetsPipeline.uexp" 188
"../../../Engine/Plugins/Editor/SpeedTreeImporter/Content/SpeedTree9/game_wind_noise.ubulk" 189
"../../../Engine/Plugins/Editor/SpeedTreeImporter/Content/SpeedTree9/game_wind_noise.uasset" 190
"../../../Engine/Plugins/Editor/SpeedTreeImporter/Content/SpeedTree9/game_wind_noise.uexp" 191
"../../../Engine/Plugins/Editor/SpeedTreeImporter/Content/SpeedTree9/UnpackDirection.uasset" 192
"../../../Engine/Plugins/Editor/SpeedTreeImporter/Content/SpeedTree9/UnpackDirection.uexp" 193
"../../../Engine/Content/Functions/Engine_MaterialFunctions02/ObjectLocalBounds.uasset" 194
"../../../Engine/Content/Functions/Engine_MaterialFunctions02/ObjectLocalBounds.uexp" 195
"../../../Engine/Content/Functions/Engine_MaterialFunctions02/Utility/BreakOutFloat3Components.uasset" 196
"../../../Engine/Content/Functions/Engine_MaterialFunctions02/Utility/BreakOutFloat3Components.uexp" 197
"../../../Engine/Content/Functions/Engine_MaterialFunctions02/UVs/BoundingBoxBased_0-1_UVW.uasset" 198
"../../../Engine/Content/Functions/Engine_MaterialFunctions02/UVs/BoundingBoxBased_0-1_UVW.uexp" 199
"../../../Engine/Content/Functions/Engine_MaterialFunctions02/Utility/VectorLength.uasset" 200
"../../../Engine/Content/Functions/Engine_MaterialFunctions02/Utility/VectorLength.uexp" 201
"../../../Engine/Plugins/Editor/SpeedTreeImporter/Content/SpeedTree9/UnpackInteger3.uasset" 202
"../../../Engine/Plugins/Editor/SpeedTreeImporter/Content/SpeedTree9/UnpackInteger3.uexp" 203
"../../../Engine/Plugins/Editor/SpeedTreeImporter/Content/SpeedTree9/SpeedTreeCameraFacing.uasset" 204
"../../../Engine/Plugins/Editor/SpeedTreeImporter/Content/SpeedTree9/SpeedTreeCameraFacing.uexp" 205
"../../../Engine/Content/Functions/Engine_MaterialFunctions02/WorldPositionOffset/ObjectScale.uasset" 206
"../../../Engine/Content/Functions/Engine_MaterialFunctions02/WorldPositionOffset/ObjectScale.uexp" 207
"../../../Engine/Content/Functions/Engine_MaterialFunctions02/SafeNormalize.uasset" 208
"../../../Engine/Content/Functions/Engine_MaterialFunctions02/SafeNormalize.uexp" 209
"../../../Engine/Plugins/Editor/SpeedTreeImporter/Content/SpeedTree9/SpeedTreeWindMotion.uasset" 210
"../../../Engine/Plugins/Editor/SpeedTreeImporter/Content/SpeedTree9/SpeedTreeWindMotion.uexp" 211
"../../../Engine/Plugins/Editor/SpeedTreeImporter/Content/SpeedTree9/SpeedTreeBranchMotion.uasset" 212
"../../../Engine/Plugins/Editor/SpeedTreeImporter/Content/SpeedTree9/SpeedTreeBranchMotion.uexp" 213
"../../../Engine/Plugins/Editor/SpeedTreeImporter/Content/SpeedTree9/SpeedTreeWind.uasset" 214
"../../../Engine/Plugins/Editor/SpeedTreeImporter/Content/SpeedTree9/SpeedTreeWind.uexp" 215
"../../../Engine/Plugins/Editor/SpeedTreeImporter/Content/SpeedTree9/EmptyNormal.uasset" 216
"../../../Engine/Plugins/Editor/SpeedTreeImporter/Content/SpeedTree9/EmptyNormal.uexp" 217
"../../../Engine/Plugins/Editor/SpeedTreeImporter/Content/SpeedTree9/Empty.uasset" 218
"../../../Engine/Plugins/Editor/SpeedTreeImporter/Content/SpeedTree9/Empty.uexp" 219
"../../../Engine/Plugins/Editor/SpeedTreeImporter/Content/SpeedTree9/SpeedTreeMaster.uasset" 220
"../../../Engine/Plugins/Editor/SpeedTreeImporter/Content/SpeedTree9/SpeedTreeMaster.uexp" 221
"../../../Engine/Plugins/Editor/SpeedTreeImporter/Content/SpeedTree9/SpeedTreeBillboard.uasset" 222
"../../../Engine/Plugins/Editor/SpeedTreeImporter/Content/SpeedTree9/SpeedTreeBillboard.uexp" 223
"../../../Engine/Plugins/Editor/SpeedTreeImporter/Content/SpeedTree9/SpeedTreeBillboardMaster.uasset" 224
"../../../Engine/Plugins/Editor/SpeedTreeImporter/Content/SpeedTree9/SpeedTreeBillboardMaster.uexp" 225
"../../../Engine/Plugins/Animation/ControlRig/Content/Controls/DefaultGizmoLibraryNormalized.uasset" 226
"../../../Engine/Plugins/Animation/ControlRig/Content/Controls/DefaultGizmoLibraryNormalized.uexp" 227
"../../../Engine/Plugins/Animation/ControlRig/Content/Controls/ControlRig_Wedge_solid.ubulk" 228
"../../../Engine/Plugins/Animation/ControlRig/Content/Controls/ControlRig_Wedge_solid.uasset" 229
"../../../Engine/Plugins/Animation/ControlRig/Content/Controls/ControlRig_Wedge_solid.uexp" 230
"../../../Engine/Plugins/Animation/ControlRig/Content/Controls/ControlRig_Wedge_3mm.ubulk" 231
"../../../Engine/Plugins/Animation/ControlRig/Content/Controls/ControlRig_Wedge_3mm.uasset" 232
"../../../Engine/Plugins/Animation/ControlRig/Content/Controls/ControlRig_Wedge_3mm.uexp" 233
"../../../Engine/Plugins/Animation/ControlRig/Content/Controls/ControlRig_Wedge_1mm.ubulk" 234
"../../../Engine/Plugins/Animation/ControlRig/Content/Controls/ControlRig_Wedge_1mm.uasset" 235
"../../../Engine/Plugins/Animation/ControlRig/Content/Controls/ControlRig_Wedge_1mm.uexp" 236
"../../../Engine/Plugins/Animation/ControlRig/Content/Controls/ControlRig_Triangle_solid.ubulk" 237
"../../../Engine/Plugins/Animation/ControlRig/Content/Controls/ControlRig_Triangle_solid.uasset" 238
"../../../Engine/Plugins/Animation/ControlRig/Content/Controls/ControlRig_Triangle_solid.uexp" 239
"../../../Engine/Plugins/Animation/ControlRig/Content/Controls/ControlRig_Triangle_3mm.ubulk" 240
"../../../Engine/Plugins/Animation/ControlRig/Content/Controls/ControlRig_Triangle_3mm.uasset" 241
"../../../Engine/Plugins/Animation/ControlRig/Content/Controls/ControlRig_Triangle_3mm.uexp" 242
"../../../Engine/Plugins/Animation/ControlRig/Content/Controls/ControlRig_Triangle_1mm.ubulk" 243
"../../../Engine/Plugins/Animation/ControlRig/Content/Controls/ControlRig_Triangle_1mm.uasset" 244
"../../../Engine/Plugins/Animation/ControlRig/Content/Controls/ControlRig_Triangle_1mm.uexp" 245
"../../../Engine/Plugins/Animation/ControlRig/Content/Controls/ControlRig_Star4_solid.ubulk" 246
"../../../Engine/Plugins/Animation/ControlRig/Content/Controls/ControlRig_Star4_solid.uasset" 247
"../../../Engine/Plugins/Animation/ControlRig/Content/Controls/ControlRig_Star4_solid.uexp" 248
"../../../Engine/Plugins/Animation/ControlRig/Content/Controls/ControlRig_Star4_3mm.ubulk" 249
"../../../Engine/Plugins/Animation/ControlRig/Content/Controls/ControlRig_Star4_3mm.uasset" 250
"../../../Engine/Plugins/Animation/ControlRig/Content/Controls/ControlRig_Star4_3mm.uexp" 251
"../../../Engine/Plugins/Animation/ControlRig/Content/Controls/ControlRig_Star4_1mm.ubulk" 252
"../../../Engine/Plugins/Animation/ControlRig/Content/Controls/ControlRig_Star4_1mm.uasset" 253
"../../../Engine/Plugins/Animation/ControlRig/Content/Controls/ControlRig_Star4_1mm.uexp" 254
"../../../Engine/Plugins/Animation/ControlRig/Content/Controls/ControlRig_Square_solid.ubulk" 255
"../../../Engine/Plugins/Animation/ControlRig/Content/Controls/ControlRig_Square_solid.uasset" 256
"../../../Engine/Plugins/Animation/ControlRig/Content/Controls/ControlRig_Square_solid.uexp" 257
"../../../Engine/Plugins/Animation/ControlRig/Content/Controls/ControlRig_Square_3mm.ubulk" 258
"../../../Engine/Plugins/Animation/ControlRig/Content/Controls/ControlRig_Square_3mm.uasset" 259
"../../../Engine/Plugins/Animation/ControlRig/Content/Controls/ControlRig_Square_3mm.uexp" 260
"../../../Engine/Plugins/Animation/ControlRig/Content/Controls/ControlRig_Square_1mm.ubulk" 261
"../../../Engine/Plugins/Animation/ControlRig/Content/Controls/ControlRig_Square_1mm.uasset" 262
"../../../Engine/Plugins/Animation/ControlRig/Content/Controls/ControlRig_Square_1mm.uexp" 263
"../../../Engine/Plugins/Animation/ControlRig/Content/Controls/ControlRig_Sphere_solid.ubulk" 264
"../../../Engine/Plugins/Animation/ControlRig/Content/Controls/ControlRig_Sphere_solid.uasset" 265
"../../../Engine/Plugins/Animation/ControlRig/Content/Controls/ControlRig_Sphere_solid.uexp" 266
"../../../Engine/Plugins/Animation/ControlRig/Content/Controls/ControlRig_Sphere_3mm.ubulk" 267
"../../../Engine/Plugins/Animation/ControlRig/Content/Controls/ControlRig_Sphere_3mm.uasset" 268
"../../../Engine/Plugins/Animation/ControlRig/Content/Controls/ControlRig_Sphere_3mm.uexp" 269
"../../../Engine/Plugins/Animation/ControlRig/Content/Controls/ControlRig_Sphere_1mm.ubulk" 270
"../../../Engine/Plugins/Animation/ControlRig/Content/Controls/ControlRig_Sphere_1mm.uasset" 271
"../../../Engine/Plugins/Animation/ControlRig/Content/Controls/ControlRig_Sphere_1mm.uexp" 272
"../../../Engine/Plugins/Animation/ControlRig/Content/Controls/ControlRig_RoundedTriangle_solid.ubulk" 273
"../../../Engine/Plugins/Animation/ControlRig/Content/Controls/ControlRig_RoundedTriangle_solid.uasset" 274
"../../../Engine/Plugins/Animation/ControlRig/Content/Controls/ControlRig_RoundedTriangle_solid.uexp" 275
"../../../Engine/Plugins/Animation/ControlRig/Content/Controls/ControlRig_RoundedTriangle_3mm.ubulk" 276
"../../../Engine/Plugins/Animation/ControlRig/Content/Controls/ControlRig_RoundedTriangle_3mm.uasset" 277
"../../../Engine/Plugins/Animation/ControlRig/Content/Controls/ControlRig_RoundedTriangle_3mm.uexp" 278
"../../../Engine/Plugins/Animation/ControlRig/Content/Controls/ControlRig_RoundedTriangle_1mm.ubulk" 279
"../../../Engine/Plugins/Animation/ControlRig/Content/Controls/ControlRig_RoundedTriangle_1mm.uasset" 280
"../../../Engine/Plugins/Animation/ControlRig/Content/Controls/ControlRig_RoundedTriangle_1mm.uexp" 281
"../../../Engine/Plugins/Animation/ControlRig/Content/Controls/ControlRig_RoundedSquare_solid.ubulk" 282
"../../../Engine/Plugins/Animation/ControlRig/Content/Controls/ControlRig_RoundedSquare_solid.uasset" 283
"../../../Engine/Plugins/Animation/ControlRig/Content/Controls/ControlRig_RoundedSquare_solid.uexp" 284
"../../../Engine/Plugins/Animation/ControlRig/Content/Controls/ControlRig_RoundedSquare_3mm.ubulk" 285
"../../../Engine/Plugins/Animation/ControlRig/Content/Controls/ControlRig_RoundedSquare_3mm.uasset" 286
"../../../Engine/Plugins/Animation/ControlRig/Content/Controls/ControlRig_RoundedSquare_3mm.uexp" 287
"../../../Engine/Plugins/Animation/ControlRig/Content/Controls/ControlRig_RoundedSquare_1mm.ubulk" 288
"../../../Engine/Plugins/Animation/ControlRig/Content/Controls/ControlRig_RoundedSquare_1mm.uasset" 289
"../../../Engine/Plugins/Animation/ControlRig/Content/Controls/ControlRig_RoundedSquare_1mm.uexp" 290
"../../../Engine/Plugins/Animation/ControlRig/Content/Controls/ControlRig_QuarterCircle_solid.ubulk" 291
"../../../Engine/Plugins/Animation/ControlRig/Content/Controls/ControlRig_QuarterCircle_solid.uasset" 292
"../../../Engine/Plugins/Animation/ControlRig/Content/Controls/ControlRig_QuarterCircle_solid.uexp" 293
"../../../Engine/Plugins/Animation/ControlRig/Content/Controls/ControlRig_QuarterCircle_3mm.ubulk" 294
"../../../Engine/Plugins/Animation/ControlRig/Content/Controls/ControlRig_QuarterCircle_3mm.uasset" 295
"../../../Engine/Plugins/Animation/ControlRig/Content/Controls/ControlRig_QuarterCircle_3mm.uexp" 296
"../../../Engine/Plugins/Animation/ControlRig/Content/Controls/ControlRig_QuarterCircle_1mm.ubulk" 297
"../../../Engine/Plugins/Animation/ControlRig/Content/Controls/ControlRig_QuarterCircle_1mm.uasset" 298
"../../../Engine/Plugins/Animation/ControlRig/Content/Controls/ControlRig_QuarterCircle_1mm.uexp" 299
"../../../Engine/Plugins/Animation/ControlRig/Content/Controls/ControlRig_Pyramid_solid.ubulk" 300
"../../../Engine/Plugins/Animation/ControlRig/Content/Controls/ControlRig_Pyramid_solid.uasset" 301
"../../../Engine/Plugins/Animation/ControlRig/Content/Controls/ControlRig_Pyramid_solid.uexp" 302
"../../../Engine/Plugins/Animation/ControlRig/Content/Controls/ControlRig_Pyramid_3mm.ubulk" 303
"../../../Engine/Plugins/Animation/ControlRig/Content/Controls/ControlRig_Pyramid_3mm.uasset" 304
"../../../Engine/Plugins/Animation/ControlRig/Content/Controls/ControlRig_Pyramid_3mm.uexp" 305
"../../../Engine/Plugins/Animation/ControlRig/Content/Controls/ControlRig_Pyramid_1mm.ubulk" 306
"../../../Engine/Plugins/Animation/ControlRig/Content/Controls/ControlRig_Pyramid_1mm.uasset" 307
"../../../Engine/Plugins/Animation/ControlRig/Content/Controls/ControlRig_Pyramid_1mm.uexp" 308
"../../../Engine/Plugins/Animation/ControlRig/Content/Controls/ControlRig_Octagon_solid.ubulk" 309
"../../../Engine/Plugins/Animation/ControlRig/Content/Controls/ControlRig_Octagon_solid.uasset" 310
"../../../Engine/Plugins/Animation/ControlRig/Content/Controls/ControlRig_Octagon_solid.uexp" 311
"../../../Engine/Plugins/Animation/ControlRig/Content/Controls/ControlRig_Octagon_3mm.ubulk" 312
"../../../Engine/Plugins/Animation/ControlRig/Content/Controls/ControlRig_Octagon_3mm.uasset" 313
"../../../Engine/Plugins/Animation/ControlRig/Content/Controls/ControlRig_Octagon_3mm.uexp" 314
"../../../Engine/Plugins/Animation/ControlRig/Content/Controls/ControlRig_Octagon_1mm.ubulk" 315
"../../../Engine/Plugins/Animation/ControlRig/Content/Controls/ControlRig_Octagon_1mm.uasset" 316
"../../../Engine/Plugins/Animation/ControlRig/Content/Controls/ControlRig_Octagon_1mm.uexp" 317
"../../../Engine/Plugins/Animation/ControlRig/Content/Controls/ControlRig_Hexagon_solid.ubulk" 318
"../../../Engine/Plugins/Animation/ControlRig/Content/Controls/ControlRig_Hexagon_solid.uasset" 319
"../../../Engine/Plugins/Animation/ControlRig/Content/Controls/ControlRig_Hexagon_solid.uexp" 320
"../../../Engine/Plugins/Animation/ControlRig/Content/Controls/ControlRig_Hexagon_3mm.ubulk" 321
"../../../Engine/Plugins/Animation/ControlRig/Content/Controls/ControlRig_Hexagon_3mm.uasset" 322
"../../../Engine/Plugins/Animation/ControlRig/Content/Controls/ControlRig_Hexagon_3mm.uexp" 323
"../../../Engine/Plugins/Animation/ControlRig/Content/Controls/ControlRig_Hexagon_1mm.ubulk" 324
"../../../Engine/Plugins/Animation/ControlRig/Content/Controls/ControlRig_Hexagon_1mm.uasset" 325
"../../../Engine/Plugins/Animation/ControlRig/Content/Controls/ControlRig_Hexagon_1mm.uexp" 326
"../../../Engine/Plugins/Animation/ControlRig/Content/Controls/ControlRig_HalfCircle_solid.ubulk" 327
"../../../Engine/Plugins/Animation/ControlRig/Content/Controls/ControlRig_HalfCircle_solid.uasset" 328
"../../../Engine/Plugins/Animation/ControlRig/Content/Controls/ControlRig_HalfCircle_solid.uexp" 329
"../../../Engine/Plugins/Animation/ControlRig/Content/Controls/ControlRig_HalfCircle_3mm.ubulk" 330
"../../../Engine/Plugins/Animation/ControlRig/Content/Controls/ControlRig_HalfCircle_3mm.uasset" 331
"../../../Engine/Plugins/Animation/ControlRig/Content/Controls/ControlRig_HalfCircle_3mm.uexp" 332
"../../../Engine/Plugins/Animation/ControlRig/Content/Controls/ControlRig_HalfCircle_1mm.ubulk" 333
"../../../Engine/Plugins/Animation/ControlRig/Content/Controls/ControlRig_HalfCircle_1mm.uasset" 334
"../../../Engine/Plugins/Animation/ControlRig/Content/Controls/ControlRig_HalfCircle_1mm.uexp" 335
"../../../Engine/Plugins/Animation/ControlRig/Content/Controls/ControlRig_Diamond_solid.ubulk" 336
"../../../Engine/Plugins/Animation/ControlRig/Content/Controls/ControlRig_Diamond_solid.uasset" 337
"../../../Engine/Plugins/Animation/ControlRig/Content/Controls/ControlRig_Diamond_solid.uexp" 338
"../../../Engine/Plugins/Animation/ControlRig/Content/Controls/ControlRig_Diamond_3mm.ubulk" 339
"../../../Engine/Plugins/Animation/ControlRig/Content/Controls/ControlRig_Diamond_3mm.uasset" 340
"../../../Engine/Plugins/Animation/ControlRig/Content/Controls/ControlRig_Diamond_3mm.uexp" 341
"../../../Engine/Plugins/Animation/ControlRig/Content/Controls/ControlRig_Diamond_1mm.ubulk" 342
"../../../Engine/Plugins/Animation/ControlRig/Content/Controls/ControlRig_Diamond_1mm.uasset" 343
"../../../Engine/Plugins/Animation/ControlRig/Content/Controls/ControlRig_Diamond_1mm.uexp" 344
"../../../Engine/Plugins/Animation/ControlRig/Content/Controls/ControlRig_Circle_solid.ubulk" 345
"../../../Engine/Plugins/Animation/ControlRig/Content/Controls/ControlRig_Circle_solid.uasset" 346
"../../../Engine/Plugins/Animation/ControlRig/Content/Controls/ControlRig_Circle_solid.uexp" 347
"../../../Engine/Plugins/Animation/ControlRig/Content/Controls/ControlRig_Circle_3mm.ubulk" 348
"../../../Engine/Plugins/Animation/ControlRig/Content/Controls/ControlRig_Circle_3mm.uasset" 349
"../../../Engine/Plugins/Animation/ControlRig/Content/Controls/ControlRig_Circle_3mm.uexp" 350
"../../../Engine/Plugins/Animation/ControlRig/Content/Controls/ControlRig_Circle_1mm.ubulk" 351
"../../../Engine/Plugins/Animation/ControlRig/Content/Controls/ControlRig_Circle_1mm.uasset" 352
"../../../Engine/Plugins/Animation/ControlRig/Content/Controls/ControlRig_Circle_1mm.uexp" 353
"../../../Engine/Plugins/Animation/ControlRig/Content/Controls/ControlRig_Box_solid.ubulk" 354
"../../../Engine/Plugins/Animation/ControlRig/Content/Controls/ControlRig_Box_solid.uasset" 355
"../../../Engine/Plugins/Animation/ControlRig/Content/Controls/ControlRig_Box_solid.uexp" 356
"../../../Engine/Plugins/Animation/ControlRig/Content/Controls/ControlRig_Box_3mm.ubulk" 357
"../../../Engine/Plugins/Animation/ControlRig/Content/Controls/ControlRig_Box_3mm.uasset" 358
"../../../Engine/Plugins/Animation/ControlRig/Content/Controls/ControlRig_Box_3mm.uexp" 359
"../../../Engine/Plugins/Animation/ControlRig/Content/Controls/ControlRig_Box_1mm.ubulk" 360
"../../../Engine/Plugins/Animation/ControlRig/Content/Controls/ControlRig_Box_1mm.uasset" 361
"../../../Engine/Plugins/Animation/ControlRig/Content/Controls/ControlRig_Box_1mm.uexp" 362
"../../../Engine/Plugins/Animation/ControlRig/Content/Controls/ControlRig_Arrow_solid.ubulk" 363
"../../../Engine/Plugins/Animation/ControlRig/Content/Controls/ControlRig_Arrow_solid.uasset" 364
"../../../Engine/Plugins/Animation/ControlRig/Content/Controls/ControlRig_Arrow_solid.uexp" 365
"../../../Engine/Plugins/Animation/ControlRig/Content/Controls/ControlRig_Arrow_3mm.ubulk" 366
"../../../Engine/Plugins/Animation/ControlRig/Content/Controls/ControlRig_Arrow_3mm.uasset" 367
"../../../Engine/Plugins/Animation/ControlRig/Content/Controls/ControlRig_Arrow_3mm.uexp" 368
"../../../Engine/Plugins/Animation/ControlRig/Content/Controls/ControlRig_Arrow_1mm.ubulk" 369
"../../../Engine/Plugins/Animation/ControlRig/Content/Controls/ControlRig_Arrow_1mm.uasset" 370
"../../../Engine/Plugins/Animation/ControlRig/Content/Controls/ControlRig_Arrow_1mm.uexp" 371
"../../../Engine/Plugins/Animation/ControlRig/Content/Controls/ControlRig_Arrow4_solid.ubulk" 372
"../../../Engine/Plugins/Animation/ControlRig/Content/Controls/ControlRig_Arrow4_solid.uasset" 373
"../../../Engine/Plugins/Animation/ControlRig/Content/Controls/ControlRig_Arrow4_solid.uexp" 374
"../../../Engine/Plugins/Animation/ControlRig/Content/Controls/ControlRig_Arrow4_3mm.ubulk" 375
"../../../Engine/Plugins/Animation/ControlRig/Content/Controls/ControlRig_Arrow4_3mm.uasset" 376
"../../../Engine/Plugins/Animation/ControlRig/Content/Controls/ControlRig_Arrow4_3mm.uexp" 377
"../../../Engine/Plugins/Animation/ControlRig/Content/Controls/ControlRig_Arrow4_1mm.ubulk" 378
"../../../Engine/Plugins/Animation/ControlRig/Content/Controls/ControlRig_Arrow4_1mm.uasset" 379
"../../../Engine/Plugins/Animation/ControlRig/Content/Controls/ControlRig_Arrow4_1mm.uexp" 380
"../../../Engine/Plugins/Animation/ControlRig/Content/Controls/ControlRig_Arrow2_solid.ubulk" 381
"../../../Engine/Plugins/Animation/ControlRig/Content/Controls/ControlRig_Arrow2_solid.uasset" 382
"../../../Engine/Plugins/Animation/ControlRig/Content/Controls/ControlRig_Arrow2_solid.uexp" 383
"../../../Engine/Plugins/Animation/ControlRig/Content/Controls/ControlRig_Arrow2_3mm.ubulk" 384
"../../../Engine/Plugins/Animation/ControlRig/Content/Controls/ControlRig_Arrow2_3mm.uasset" 385
"../../../Engine/Plugins/Animation/ControlRig/Content/Controls/ControlRig_Arrow2_3mm.uexp" 386
"../../../Engine/Plugins/Animation/ControlRig/Content/Controls/ControlRig_Arrow2_1mm.ubulk" 387
"../../../Engine/Plugins/Animation/ControlRig/Content/Controls/ControlRig_Arrow2_1mm.uasset" 388
"../../../Engine/Plugins/Animation/ControlRig/Content/Controls/ControlRig_Arrow2_1mm.uexp" 389
"../../../Engine/Plugins/Animation/ControlRig/Content/Controls/ControlRigXRayMaterial.uasset" 390
"../../../Engine/Plugins/Animation/ControlRig/Content/Controls/ControlRigXRayMaterial.uexp" 391
"../../../Engine/Plugins/Animation/ControlRig/Content/Controls/ControlRigGizmoMaterial.uasset" 392
"../../../Engine/Plugins/Animation/ControlRig/Content/Controls/ControlRigGizmoMaterial.uexp" 393
"../../../Engine/Content/EngineSounds/Master.uasset" 394
"../../../Engine/Content/EngineSounds/Master.uexp" 395
"../../../Engine/Content/EngineSky/T_Sky_Stars.ubulk" 396
"../../../Engine/Content/EngineSky/T_Sky_Stars.uasset" 397
"../../../Engine/Content/EngineSky/T_Sky_Stars.uexp" 398
"../../../Engine/Content/EngineSky/T_Sky_Clouds_M.ubulk" 399
"../../../Engine/Content/EngineSky/T_Sky_Clouds_M.uasset" 400
"../../../Engine/Content/EngineSky/T_Sky_Clouds_M.uexp" 401
"../../../Engine/Content/EngineSky/T_Sky_Blue.ubulk" 402
"../../../Engine/Content/EngineSky/T_Sky_Blue.uasset" 403
"../../../Engine/Content/EngineSky/T_Sky_Blue.uexp" 404
"../../../Engine/Content/EngineSky/M_Sky_Panning_Clouds2.uasset" 405
"../../../Engine/Content/EngineSky/M_Sky_Panning_Clouds2.uexp" 406
"../../../Engine/Content/EngineSky/SM_SkySphere.ubulk" 407
"../../../Engine/Content/EngineSky/SM_SkySphere.uasset" 408
"../../../Engine/Content/EngineSky/SM_SkySphere.uexp" 409
"../../../Engine/Content/EngineSky/M_SimpleSkyDome.uasset" 410
"../../../Engine/Content/EngineSky/M_SimpleSkyDome.uexp" 411
"../../../Engine/Content/EngineMaterials/DefaultCalibrationGrayscale.uasset" 412
"../../../Engine/Content/EngineMaterials/DefaultCalibrationGrayscale.uexp" 413
"../../../Engine/Content/EngineMaterials/PPM_DefaultCalibrationGrayscale.uasset" 414
"../../../Engine/Content/EngineMaterials/PPM_DefaultCalibrationGrayscale.uexp" 415
"../../../Engine/Content/EngineMaterials/DefaultCalibrationColor.uasset" 416
"../../../Engine/Content/EngineMaterials/DefaultCalibrationColor.uexp" 417
"../../../Engine/Content/EngineMaterials/PPM_DefaultCalibrationColor.uasset" 418
"../../../Engine/Content/EngineMaterials/PPM_DefaultCalibrationColor.uexp" 419
"../../../Engine/Content/EngineMaterials/PhAT_JointLimitMaterial.uasset" 420
"../../../Engine/Content/EngineMaterials/PhAT_JointLimitMaterial.uexp" 421
"../../../Engine/Content/EngineMaterials/NaniteHiddenSectionMaterial.uasset" 422
"../../../Engine/Content/EngineMaterials/NaniteHiddenSectionMaterial.uexp" 423
"../../../Engine/Content/EngineMaterials/InvalidLightmapSettings.ubulk" 424
"../../../Engine/Content/EngineMaterials/InvalidLightmapSettings.uasset" 425
"../../../Engine/Content/EngineMaterials/InvalidLightmapSettings.uexp" 426
"../../../Engine/Content/EngineMaterials/M_InvalidLightmapSettings.uasset" 427
"../../../Engine/Content/EngineMaterials/M_InvalidLightmapSettings.uexp" 428
"../../../Engine/Content/EngineMaterials/GizmoMaterial.uasset" 429
"../../../Engine/Content/EngineMaterials/GizmoMaterial.uexp" 430
"../../../Engine/Content/EngineMaterials/BaseFlattenEmissiveMap_VT.uasset" 431
"../../../Engine/Content/EngineMaterials/BaseFlattenEmissiveMap_VT.uexp" 432
"../../../Engine/Content/EngineMaterials/BaseFlattenGrayscaleMap_VT.uasset" 433
"../../../Engine/Content/EngineMaterials/BaseFlattenGrayscaleMap_VT.uexp" 434
"../../../Engine/Content/EngineMaterials/BaseFlattenLinearColor_VT.uasset" 435
"../../../Engine/Content/EngineMaterials/BaseFlattenLinearColor_VT.uexp" 436
"../../../Engine/Content/EngineMaterials/Black_1x1_EXR_Texture_VT.uasset" 437
"../../../Engine/Content/EngineMaterials/Black_1x1_EXR_Texture_VT.uexp" 438
"../../../Engine/Content/EngineMaterials/BaseFlattenDiffuseMap_VT.uasset" 439
"../../../Engine/Content/EngineMaterials/BaseFlattenDiffuseMap_VT.uexp" 440
"../../../Engine/Content/EngineMaterials/BaseFlattenNormalMap_VT.uasset" 441
"../../../Engine/Content/EngineMaterials/BaseFlattenNormalMap_VT.uexp" 442
"../../../Engine/Content/EngineMaterials/FlattenMaterial_WS_Normal_VT.uasset" 443
"../../../Engine/Content/EngineMaterials/FlattenMaterial_WS_Normal_VT.uexp" 444
"../../../Engine/Content/EngineMaterials/FlattenMaterial_VT.uasset" 445
"../../../Engine/Content/EngineMaterials/FlattenMaterial_VT.uexp" 446
"../../../Engine/Content/EngineMaterials/BaseFlattenNormalMap.uasset" 447
"../../../Engine/Content/EngineMaterials/BaseFlattenNormalMap.uexp" 448
"../../../Engine/Content/EngineMaterials/BaseFlattenGrayscaleMap.uasset" 449
"../../../Engine/Content/EngineMaterials/BaseFlattenGrayscaleMap.uexp" 450
"../../../Engine/Content/EngineMaterials/BaseFlattenDiffuseMap.uasset" 451
"../../../Engine/Content/EngineMaterials/BaseFlattenDiffuseMap.uexp" 452
"../../../Engine/Content/Functions/Engine_MaterialFunctions02/PivotPainter2/Black_1x1_EXR_Texture.uasset" 453
"../../../Engine/Content/Functions/Engine_MaterialFunctions02/PivotPainter2/Black_1x1_EXR_Texture.uexp" 454
"../../../Engine/Content/EngineMaterials/BaseFlattenEmissiveMap.uasset" 455
"../../../Engine/Content/EngineMaterials/BaseFlattenEmissiveMap.uexp" 456
"../../../Engine/Content/EngineMaterials/BaseFlattenLinearColor.uasset" 457
"../../../Engine/Content/EngineMaterials/BaseFlattenLinearColor.uexp" 458
"../../../Engine/Content/EngineMaterials/FlattenMaterial.uasset" 459
"../../../Engine/Content/EngineMaterials/FlattenMaterial.uexp" 460
"../../../Engine/Content/EngineMaterials/DefaultWhiteGrid_Low.uasset" 461
"../../../Engine/Content/EngineMaterials/DefaultWhiteGrid_Low.uexp" 462
"../../../Engine/Content/EngineMaterials/EmissiveMeshMaterial.uasset" 463
"../../../Engine/Content/EngineMaterials/EmissiveMeshMaterial.uexp" 464
"../../../Engine/Content/EngineFonts/RobotoDistanceField.uasset" 465
"../../../Engine/Content/EngineFonts/RobotoDistanceField.uexp" 466
"../../../Engine/Content/EngineMaterials/DefaultTextMaterialOpaque.uasset" 467
"../../../Engine/Content/EngineMaterials/DefaultTextMaterialOpaque.uexp" 468
"../../../Engine/Content/EngineMaterials/DefaultDiffuse.ubulk" 469
"../../../Engine/Content/EngineMaterials/DefaultDiffuse.uasset" 470
"../../../Engine/Content/EngineMaterials/DefaultDiffuse.uexp" 471
"../../../Engine/Content/Functions/Engine_MaterialFunctions02/Utility/BreakOutFloat2Components.uasset" 472
"../../../Engine/Content/Functions/Engine_MaterialFunctions02/Utility/BreakOutFloat2Components.uexp" 473
"../../../Engine/Content/EngineMaterials/DefaultPostProcessMaterial.uasset" 474
"../../../Engine/Content/EngineMaterials/DefaultPostProcessMaterial.uexp" 475
"../../../Engine/Content/EngineMaterials/DefaultPhysicalMaterial.uasset" 476
"../../../Engine/Content/EngineMaterials/DefaultPhysicalMaterial.uexp" 477
"../../../Engine/Content/EngineMaterials/DefaultLightFunctionMaterial.uasset" 478
"../../../Engine/Content/EngineMaterials/DefaultLightFunctionMaterial.uexp" 479
"../../../Engine/Content/EngineMaterials/DefaultDestructiblePhysicalMaterial.uasset" 480
"../../../Engine/Content/EngineMaterials/DefaultDestructiblePhysicalMaterial.uexp" 481
"../../../Engine/Content/EngineMaterials/DefaultDeferredDecalMaterial.uasset" 482
"../../../Engine/Content/EngineMaterials/DefaultDeferredDecalMaterial.uexp" 483
"../../../Engine/Content/EngineMaterials/DefaultBloomKernel.uasset" 484
"../../../Engine/Content/EngineMaterials/DefaultBloomKernel.uexp" 485
"../../../Engine/Content/EngineFonts/Faces/RobotoLight.uexp" 486
"../../../Engine/Content/EngineFonts/Faces/RobotoLight.uasset" 487
"../../../Engine/Content/EngineFonts/Faces/RobotoLight.ufont" 488
"../../../Engine/Content/EngineFonts/Faces/RobotoBold.uexp" 489
"../../../Engine/Content/EngineFonts/Faces/RobotoBold.uasset" 490
"../../../Engine/Content/EngineFonts/Faces/RobotoBold.ufont" 491
"../../../Engine/Content/EngineFonts/Faces/RobotoRegular.uexp" 492
"../../../Engine/Content/EngineFonts/Faces/RobotoRegular.uasset" 493
"../../../Engine/Content/EngineFonts/Faces/RobotoRegular.ufont" 494
"../../../Engine/Content/EngineFonts/Faces/DroidSansFallback.uexp" 495
"../../../Engine/Content/EngineFonts/Faces/DroidSansFallback.uasset" 496
"../../../Engine/Content/EngineFonts/Faces/DroidSansFallback.ufont" 497
"../../../Engine/Content/EngineFonts/Faces/RobotoItalic.uexp" 498
"../../../Engine/Content/EngineFonts/Faces/RobotoItalic.uasset" 499
"../../../Engine/Content/EngineFonts/Faces/RobotoItalic.ufont" 500
"../../../Engine/Content/EngineFonts/Faces/RobotoBoldItalic.uexp" 501
"../../../Engine/Content/EngineFonts/Faces/RobotoBoldItalic.uasset" 502
"../../../Engine/Content/EngineFonts/Faces/RobotoBoldItalic.ufont" 503
"../../../Engine/Content/EngineFonts/Roboto.uasset" 504
"../../../Engine/Content/EngineFonts/Roboto.uexp" 505
"../../../Engine/Content/Functions/Engine_MaterialFunctions02/Utility/CameraDirectionVector.uasset" 506
"../../../Engine/Content/Functions/Engine_MaterialFunctions02/Utility/CameraDirectionVector.uexp" 507
"../../../Engine/Content/EngineDebugMaterials/VolumeToRender.uasset" 508
"../../../Engine/Content/EngineDebugMaterials/VolumeToRender.uexp" 509
"../../../Engine/Content/EngineDebugMaterials/M_VolumeRenderSphereTracePP.uasset" 510
"../../../Engine/Content/EngineDebugMaterials/M_VolumeRenderSphereTracePP.uexp" 511
"../../../Engine/Content/EngineDebugMaterials/M_SimpleUnlitTranslucent.uasset" 512
"../../../Engine/Content/EngineDebugMaterials/M_SimpleUnlitTranslucent.uexp" 513
"../../../Engine/Content/EngineDebugMaterials/DebugMeshMaterial.uasset" 514
"../../../Engine/Content/EngineDebugMaterials/DebugMeshMaterial.uexp" 515
"../../../Engine/Content/EngineDebugMaterials/DebugEditorMaterial.uasset" 516
"../../../Engine/Content/EngineDebugMaterials/DebugEditorMaterial.uexp" 517
"../../../Engine/Content/EngineDamageTypes/DmgTypeBP_Environmental.uasset" 518
"../../../Engine/Content/EngineDamageTypes/DmgTypeBP_Environmental.uexp" 519
"../../../Engine/Content/EditorResources/EmptyActor.uasset" 520
"../../../Engine/Content/EditorResources/EmptyActor.uexp" 521
"../../../Engine/Content/EditorResources/BSPVertex.uasset" 522
"../../../Engine/Content/EditorResources/BSPVertex.uexp" 523
"../../../Engine/Content/EditorMaterials/PreviewShadowIndicator.ubulk" 524
"../../../Engine/Content/EditorMaterials/PreviewShadowIndicator.uasset" 525
"../../../Engine/Content/EditorMaterials/PreviewShadowIndicator.uexp" 526
"../../../Engine/Content/EditorMaterials/PreviewShadowIndicatorMaterial.uasset" 527
"../../../Engine/Content/EditorMaterials/PreviewShadowIndicatorMaterial.uexp" 528
"../../../Engine/Content/EditorMaterials/PhAT_UnselectedMaterial.uasset" 529
"../../../Engine/Content/EditorMaterials/PhAT_UnselectedMaterial.uexp" 530
"../../../Engine/Content/EditorMaterials/PhAT_NoCollisionMaterial.uasset" 531
"../../../Engine/Content/EditorMaterials/PhAT_NoCollisionMaterial.uexp" 532
"../../../Engine/Content/EditorLandscapeResources/DefaultAlphaTexture.uasset" 533
"../../../Engine/Content/EditorLandscapeResources/DefaultAlphaTexture.uexp" 534
"../../../Engine/Content/EditorLandscapeResources/DataLayer.uasset" 535
"../../../Engine/Content/EditorLandscapeResources/DataLayer.uexp" 536
"F:/GitHub/exodus_dev/Exodus/Content/Blueprints/Tile_Textures/Grass_Tile_v2.ubulk" 537
"F:/GitHub/exodus_dev/Exodus/Content/Blueprints/Tile_Textures/Grass_Tile_v2.uasset" 538
"F:/GitHub/exodus_dev/Exodus/Content/Blueprints/Tile_Textures/Grass_Tile_v2.uexp" 539
"../../../Engine/Plugins/Bridge/Content/MSPresets/M_MS_Surface_Material_VT/Functions/MF_Displacement.uasset" 540
"../../../Engine/Plugins/Bridge/Content/MSPresets/M_MS_Surface_Material_VT/Functions/MF_Displacement.uexp" 541
"F:/GitHub/exodus_dev/Exodus/Content/StarterContent/Textures/T_Perlin_Noise_M.ubulk" 542
"F:/GitHub/exodus_dev/Exodus/Content/StarterContent/Textures/T_Perlin_Noise_M.uasset" 543
"F:/GitHub/exodus_dev/Exodus/Content/StarterContent/Textures/T_Perlin_Noise_M.uexp" 544
"F:/GitHub/exodus_dev/Exodus/Content/Blueprints/Tile_Textures/Dirt_Tile_v2.ubulk" 545
"F:/GitHub/exodus_dev/Exodus/Content/Blueprints/Tile_Textures/Dirt_Tile_v2.uasset" 546
"F:/GitHub/exodus_dev/Exodus/Content/Blueprints/Tile_Textures/Dirt_Tile_v2.uexp" 547
"F:/GitHub/exodus_dev/Exodus/Content/Blueprints/Tile_Textures/Grass_Texture.ubulk" 548
"F:/GitHub/exodus_dev/Exodus/Content/Blueprints/Tile_Textures/Grass_Texture.uasset" 549
"F:/GitHub/exodus_dev/Exodus/Content/Blueprints/Tile_Textures/Grass_Texture.uexp" 550
"F:/GitHub/exodus_dev/Exodus/Content/Blueprints/Tile_Textures/Mountain_Tile.ubulk" 551
"F:/GitHub/exodus_dev/Exodus/Content/Blueprints/Tile_Textures/Mountain_Tile.uasset" 552
"F:/GitHub/exodus_dev/Exodus/Content/Blueprints/Tile_Textures/Mountain_Tile.uexp" 553
"F:/GitHub/exodus_dev/Exodus/Content/Blueprints/Tile_Textures/Sand_Texture.ubulk" 554
"F:/GitHub/exodus_dev/Exodus/Content/Blueprints/Tile_Textures/Sand_Texture.uasset" 555
"F:/GitHub/exodus_dev/Exodus/Content/Blueprints/Tile_Textures/Sand_Texture.uexp" 556
"F:/GitHub/exodus_dev/Exodus/Content/Materials/M_HexTile.uasset" 557
"F:/GitHub/exodus_dev/Exodus/Content/Materials/M_HexTile.uexp" 558
"F:/GitHub/exodus_dev/Exodus/Content/Blueprints/GenerativeTiles/hexagon.ubulk" 559
"F:/GitHub/exodus_dev/Exodus/Content/Blueprints/GenerativeTiles/hexagon.uasset" 560
"F:/GitHub/exodus_dev/Exodus/Content/Blueprints/GenerativeTiles/hexagon.uexp" 561
"F:/GitHub/exodus_dev/Exodus/Content/Blueprints/GenerativeTiles/BP_HexTile.uasset" 562
"F:/GitHub/exodus_dev/Exodus/Content/Blueprints/GenerativeTiles/BP_HexTile.uexp" 563
"F:/GitHub/exodus_dev/Exodus/Content/Blueprints/Sprite_FaceCamera/SpriteTypesEnum.uasset" 564
"F:/GitHub/exodus_dev/Exodus/Content/Blueprints/Sprite_FaceCamera/SpriteTypesEnum.uexp" 565
"F:/GitHub/exodus_dev/Exodus/Content/Blueprints/Tile_Textures/Asset_Textures/PNGs/Rock_Asset.uasset" 566
"F:/GitHub/exodus_dev/Exodus/Content/Blueprints/Tile_Textures/Asset_Textures/PNGs/Rock_Asset.uexp" 567
"F:/GitHub/exodus_dev/Exodus/Content/Blueprints/Tile_Textures/Asset_Textures/Alphas/Alpha_Rock.uasset" 568
"F:/GitHub/exodus_dev/Exodus/Content/Blueprints/Tile_Textures/Asset_Textures/Alphas/Alpha_Rock.uexp" 569
"F:/GitHub/exodus_dev/Exodus/Content/Blueprints/Tile_Textures/Asset_Textures/Materials/Rock_Material.uasset" 570
"F:/GitHub/exodus_dev/Exodus/Content/Blueprints/Tile_Textures/Asset_Textures/Materials/Rock_Material.uexp" 571
"F:/GitHub/exodus_dev/Exodus/Content/StarterContent/Materials/M_Basic_Wall.uasset" 572
"F:/GitHub/exodus_dev/Exodus/Content/StarterContent/Materials/M_Basic_Wall.uexp" 573
"F:/GitHub/exodus_dev/Exodus/Content/StarterContent/Shapes/Shape_Plane.ubulk" 574
"F:/GitHub/exodus_dev/Exodus/Content/StarterContent/Shapes/Shape_Plane.uasset" 575
"F:/GitHub/exodus_dev/Exodus/Content/StarterContent/Shapes/Shape_Plane.uexp" 576
"F:/GitHub/exodus_dev/Exodus/Content/Blueprints/Tile_Textures/Asset_Textures/PNGs/Tree_Texture.uasset" 577
"F:/GitHub/exodus_dev/Exodus/Content/Blueprints/Tile_Textures/Asset_Textures/PNGs/Tree_Texture.uexp" 578
"F:/GitHub/exodus_dev/Exodus/Content/Blueprints/Tile_Textures/Asset_Textures/Alphas/Alpha_Tree.uasset" 579
"F:/GitHub/exodus_dev/Exodus/Content/Blueprints/Tile_Textures/Asset_Textures/Alphas/Alpha_Tree.uexp" 580
"F:/GitHub/exodus_dev/Exodus/Content/Blueprints/Tile_Textures/Asset_Textures/Materials/Tree_Material.uasset" 581
"F:/GitHub/exodus_dev/Exodus/Content/Blueprints/Tile_Textures/Asset_Textures/Materials/Tree_Material.uexp" 582
"F:/GitHub/exodus_dev/Exodus/Content/Blueprints/Sprite_FaceCamera/Sprite_Camera.uasset" 583
"F:/GitHub/exodus_dev/Exodus/Content/Blueprints/Sprite_FaceCamera/Sprite_Camera.uexp" 584
"../../../Engine/Content/BasicShapes/Cube.ubulk" 585
"../../../Engine/Content/BasicShapes/Cube.uasset" 586
"../../../Engine/Content/BasicShapes/Cube.uexp" 587
"F:/GitHub/exodus_dev/Exodus/Content/Blueprints/FogOfWar/FogOfWar.uasset" 588
"F:/GitHub/exodus_dev/Exodus/Content/Blueprints/FogOfWar/FogOfWar.uexp" 589
"F:/GitHub/exodus_dev/Exodus/Content/Blueprints/FogOfWar/FOW_Explored_Mat.uasset" 590
"F:/GitHub/exodus_dev/Exodus/Content/Blueprints/FogOfWar/FOW_Explored_Mat.uexp" 591
"F:/GitHub/exodus_dev/Exodus/Content/ThirdPerson/Blueprints/BP_3rdpersonPlayerController.uasset" 592
"F:/GitHub/exodus_dev/Exodus/Content/ThirdPerson/Blueprints/BP_3rdpersonPlayerController.uexp" 593
"F:/GitHub/exodus_dev/Exodus/Content/UIUX/UI_WinScreen.uasset" 594
"F:/GitHub/exodus_dev/Exodus/Content/UIUX/UI_WinScreen.uexp" 595
"../../../Engine/Content/BasicShapes/BasicShapeMaterial.uasset" 596
"../../../Engine/Content/BasicShapes/BasicShapeMaterial.uexp" 597
"F:/GitHub/exodus_dev/Exodus/Content/Blueprints/FogOfWar/FOW_Exploring_Mat.uasset" 598
"F:/GitHub/exodus_dev/Exodus/Content/Blueprints/FogOfWar/FOW_Exploring_Mat.uexp" 599
"F:/GitHub/exodus_dev/Exodus/Content/Blueprints/ActorBlueprints/BP_Alaria.uasset" 600
"F:/GitHub/exodus_dev/Exodus/Content/Blueprints/ActorBlueprints/BP_Alaria.uexp" 601
"../../../Engine/Content/Tutorial/SubEditors/TutorialAssets/T_soft_smoke.ubulk" 602
"../../../Engine/Content/Tutorial/SubEditors/TutorialAssets/T_soft_smoke.uasset" 603
"../../../Engine/Content/Tutorial/SubEditors/TutorialAssets/T_soft_smoke.uexp" 604
"F:/GitHub/exodus_dev/Exodus/Content/Materials/M_HexTileBlight.uasset" 605
"F:/GitHub/exodus_dev/Exodus/Content/Materials/M_HexTileBlight.uexp" 606
"F:/GitHub/exodus_dev/Exodus/Content/Characters/Models/standardSurface1_Roughness.ubulk" 607
"F:/GitHub/exodus_dev/Exodus/Content/Characters/Models/standardSurface1_Roughness.uasset" 608
"F:/GitHub/exodus_dev/Exodus/Content/Characters/Models/standardSurface1_Roughness.uexp" 609
"F:/GitHub/exodus_dev/Exodus/Content/Characters/Models/standardSurface1_Metallic.ubulk" 610
"F:/GitHub/exodus_dev/Exodus/Content/Characters/Models/standardSurface1_Metallic.uasset" 611
"F:/GitHub/exodus_dev/Exodus/Content/Characters/Models/standardSurface1_Metallic.uexp" 612
"F:/GitHub/exodus_dev/Exodus/Content/Characters/Models/standardSurface1_Normal_OpenGL.ubulk" 613
"F:/GitHub/exodus_dev/Exodus/Content/Characters/Models/standardSurface1_Normal_OpenGL.uasset" 614
"F:/GitHub/exodus_dev/Exodus/Content/Characters/Models/standardSurface1_Normal_OpenGL.uexp" 615
"F:/GitHub/exodus_dev/Exodus/Content/Characters/Models/standardSurface1_Base_color.ubulk" 616
"F:/GitHub/exodus_dev/Exodus/Content/Characters/Models/standardSurface1_Base_color.uasset" 617
"F:/GitHub/exodus_dev/Exodus/Content/Characters/Models/standardSurface1_Base_color.uexp" 618
"F:/GitHub/exodus_dev/Exodus/Content/Characters/Models/MAT_PlayerPiece.uasset" 619
"F:/GitHub/exodus_dev/Exodus/Content/Characters/Models/MAT_PlayerPiece.uexp" 620
"F:/GitHub/exodus_dev/Exodus/Content/Characters/Models/Player_Piece_3.ubulk" 621
"F:/GitHub/exodus_dev/Exodus/Content/Characters/Models/Player_Piece_3.uasset" 622
"F:/GitHub/exodus_dev/Exodus/Content/Characters/Models/Player_Piece_3.uexp" 623
"F:/GitHub/exodus_dev/Exodus/Content/ThirdPerson/Input/Actions/IA_Interact.uasset" 624
"F:/GitHub/exodus_dev/Exodus/Content/ThirdPerson/Input/Actions/IA_Interact.uexp" 625
"F:/GitHub/exodus_dev/Exodus/Content/DataTables/S_Base.uasset" 626
"F:/GitHub/exodus_dev/Exodus/Content/DataTables/S_Base.uexp" 627
"F:/GitHub/exodus_dev/Exodus/Content/DataTables/DT_PlayerCharacter.uasset" 628
"F:/GitHub/exodus_dev/Exodus/Content/DataTables/DT_PlayerCharacter.uexp" 629
"F:/GitHub/exodus_dev/Exodus/Content/Blueprints/Interact_Interface.uasset" 630
"F:/GitHub/exodus_dev/Exodus/Content/Blueprints/Interact_Interface.uexp" 631
"../../../Engine/Content/BasicShapes/Plane.ubulk" 632
"../../../Engine/Content/BasicShapes/Plane.uasset" 633
"../../../Engine/Content/BasicShapes/Plane.uexp" 634
"F:/GitHub/exodus_dev/Exodus/Content/Blueprints/FogOfWar/FogOfWarExplored.uasset" 635
"F:/GitHub/exodus_dev/Exodus/Content/Blueprints/FogOfWar/FogOfWarExplored.uexp" 636
"F:/GitHub/exodus_dev/Exodus/Content/Blueprints/FogOfWar/FOW_GameActorMat.uasset" 637
"F:/GitHub/exodus_dev/Exodus/Content/Blueprints/FogOfWar/FOW_GameActorMat.uexp" 638
"F:/GitHub/exodus_dev/Exodus/Content/Blueprints/FogOfWar/BP_FogOfWar.uasset" 639
"F:/GitHub/exodus_dev/Exodus/Content/Blueprints/FogOfWar/BP_FogOfWar.uexp" 640
"../../../Engine/Content/BasicShapes/Cone.ubulk" 641
"../../../Engine/Content/BasicShapes/Cone.uasset" 642
"../../../Engine/Content/BasicShapes/Cone.uexp" 643
"F:/GitHub/exodus_dev/Exodus/Content/StarterContent/Textures/T_Metal_Steel_D.ubulk" 644
"F:/GitHub/exodus_dev/Exodus/Content/StarterContent/Textures/T_Metal_Steel_D.uasset" 645
"F:/GitHub/exodus_dev/Exodus/Content/StarterContent/Textures/T_Metal_Steel_D.uexp" 646
"F:/GitHub/exodus_dev/Exodus/Content/StarterContent/Textures/T_MacroVariation.uasset" 647
"F:/GitHub/exodus_dev/Exodus/Content/StarterContent/Textures/T_MacroVariation.uexp" 648
"F:/GitHub/exodus_dev/Exodus/Content/StarterContent/Textures/T_Metal_Steel_N.ubulk" 649
"F:/GitHub/exodus_dev/Exodus/Content/StarterContent/Textures/T_Metal_Steel_N.uasset" 650
"F:/GitHub/exodus_dev/Exodus/Content/StarterContent/Textures/T_Metal_Steel_N.uexp" 651
"F:/GitHub/exodus_dev/Exodus/Content/StarterContent/Materials/M_Metal_Steel.uasset" 652
"F:/GitHub/exodus_dev/Exodus/Content/StarterContent/Materials/M_Metal_Steel.uexp" 653
"F:/GitHub/exodus_dev/Exodus/Content/DataTables/S_EventGen.uasset" 654
"F:/GitHub/exodus_dev/Exodus/Content/DataTables/S_EventGen.uexp" 655
"F:/GitHub/exodus_dev/Exodus/Content/DataTables/DT_EventGen_Wilderness.uasset" 656
"F:/GitHub/exodus_dev/Exodus/Content/DataTables/DT_EventGen_Wilderness.uexp" 657
"F:/GitHub/exodus_dev/Exodus/Content/UIUX/Fonts/LTSoul-SemiBold.uexp" 658
"F:/GitHub/exodus_dev/Exodus/Content/UIUX/Fonts/LTSoul-SemiBold.uasset" 659
"F:/GitHub/exodus_dev/Exodus/Content/UIUX/Fonts/LTSoul-SemiBold.ufont" 660
"F:/GitHub/exodus_dev/Exodus/Content/UIUX/Fonts/LTSoul-SemiBold_Font.uasset" 661
"F:/GitHub/exodus_dev/Exodus/Content/UIUX/Fonts/LTSoul-SemiBold_Font.uexp" 662
"F:/GitHub/exodus_dev/Exodus/Content/UIUX/Images/Gameplay_Loop_Button_Highlighted_4-16-2024.uasset" 663
"F:/GitHub/exodus_dev/Exodus/Content/UIUX/Images/Gameplay_Loop_Button_Highlighted_4-16-2024.uexp" 664
"F:/GitHub/exodus_dev/Exodus/Content/Audio/UISound/UI_Interaction-20240326T113653Z-001/UI_Interaction/mouseHoverOver2_sfx.ubulk" 665
"F:/GitHub/exodus_dev/Exodus/Content/Audio/UISound/UI_Interaction-20240326T113653Z-001/UI_Interaction/mouseHoverOver2_sfx.uasset" 666
"F:/GitHub/exodus_dev/Exodus/Content/Audio/UISound/UI_Interaction-20240326T113653Z-001/UI_Interaction/mouseHoverOver2_sfx.uexp" 667
"F:/GitHub/exodus_dev/Exodus/Content/UIUX/Images/EtA_Resource_Scroll_4-16-2024.uasset" 668
"F:/GitHub/exodus_dev/Exodus/Content/UIUX/Images/EtA_Resource_Scroll_4-16-2024.uexp" 669
"F:/GitHub/exodus_dev/Exodus/Content/Blueprints/Tutorial_Interface.uasset" 670
"F:/GitHub/exodus_dev/Exodus/Content/Blueprints/Tutorial_Interface.uexp" 671
"F:/GitHub/exodus_dev/Exodus/Content/UIUX/Fonts/LTSoul-Bold.uexp" 672
"F:/GitHub/exodus_dev/Exodus/Content/UIUX/Fonts/LTSoul-Bold.uasset" 673
"F:/GitHub/exodus_dev/Exodus/Content/UIUX/Fonts/LTSoul-Bold.ufont" 674
"F:/GitHub/exodus_dev/Exodus/Content/UIUX/Fonts/LTSoul-Bold_Font.uasset" 675
"F:/GitHub/exodus_dev/Exodus/Content/UIUX/Fonts/LTSoul-Bold_Font.uexp" 676
"F:/GitHub/exodus_dev/Exodus/Content/UIUX/Images/Event_Choice_Button_4-9-2024.uasset" 677
"F:/GitHub/exodus_dev/Exodus/Content/UIUX/Images/Event_Choice_Button_4-9-2024.uexp" 678
"F:/GitHub/exodus_dev/Exodus/Content/UIUX/Images/Gameplay_Loop_Button_4-9-2024.uasset" 679
"F:/GitHub/exodus_dev/Exodus/Content/UIUX/Images/Gameplay_Loop_Button_4-9-2024.uexp" 680
"../../../Engine/Content/EditorBlueprintResources/StandardMacros.uasset" 681
"../../../Engine/Content/EditorBlueprintResources/StandardMacros.uexp" 682
"F:/GitHub/exodus_dev/Exodus/Content/UIUX/Images/Event_Choice_Button_Highlighted_4-16-2024.uasset" 683
"F:/GitHub/exodus_dev/Exodus/Content/UIUX/Images/Event_Choice_Button_Highlighted_4-16-2024.uexp" 684
"F:/GitHub/exodus_dev/Exodus/Content/UIUX/UI_LoseScreen.uasset" 685
"F:/GitHub/exodus_dev/Exodus/Content/UIUX/UI_LoseScreen.uexp" 686
"F:/GitHub/exodus_dev/Exodus/Content/UIUX/UI_GameBoard.uasset" 687
"F:/GitHub/exodus_dev/Exodus/Content/UIUX/UI_GameBoard.uexp" 688
"F:/GitHub/exodus_dev/Exodus/Content/Interfaces/EventGenRowNames.uasset" 689
"F:/GitHub/exodus_dev/Exodus/Content/Interfaces/EventGenRowNames.uexp" 690
"F:/GitHub/exodus_dev/Exodus/Content/Audio/UISound/UI_Interaction-20240326T113653Z-001/UI_Interaction/mouseHoverOver_sfx.ubulk" 691
"F:/GitHub/exodus_dev/Exodus/Content/Audio/UISound/UI_Interaction-20240326T113653Z-001/UI_Interaction/mouseHoverOver_sfx.uasset" 692
"F:/GitHub/exodus_dev/Exodus/Content/Audio/UISound/UI_Interaction-20240326T113653Z-001/UI_Interaction/mouseHoverOver_sfx.uexp" 693
"F:/GitHub/exodus_dev/Exodus/Content/UIUX/UI_Button.uasset" 694
"F:/GitHub/exodus_dev/Exodus/Content/UIUX/UI_Button.uexp" 695
"F:/GitHub/exodus_dev/Exodus/Content/UIUX/Images/Event_Tablet_4-9-2024.uasset" 696
"F:/GitHub/exodus_dev/Exodus/Content/UIUX/Images/Event_Tablet_4-9-2024.uexp" 697
"F:/GitHub/exodus_dev/Exodus/Content/DataTables/DT_EventGen_General.uasset" 698
"F:/GitHub/exodus_dev/Exodus/Content/DataTables/DT_EventGen_General.uexp" 699
"F:/GitHub/exodus_dev/Exodus/Content/UIUX/UI_EventTemplate.uasset" 700
"F:/GitHub/exodus_dev/Exodus/Content/UIUX/UI_EventTemplate.uexp" 701
"F:/GitHub/exodus_dev/Exodus/Content/UIUX/PlayScreen.uasset" 702
"F:/GitHub/exodus_dev/Exodus/Content/UIUX/PlayScreen.uexp" 703
"F:/GitHub/exodus_dev/Exodus/Content/ThirdPerson/Input/Actions/IA_Click.uasset" 704
"F:/GitHub/exodus_dev/Exodus/Content/ThirdPerson/Input/Actions/IA_Click.uexp" 705
"F:/GitHub/exodus_dev/Exodus/Content/DataTables/DT_EventGen_Mountain.uasset" 706
"F:/GitHub/exodus_dev/Exodus/Content/DataTables/DT_EventGen_Mountain.uexp" 707
"F:/GitHub/exodus_dev/Exodus/Content/ThirdPerson/Input/Actions/IA_Sprint.uasset" 708
"F:/GitHub/exodus_dev/Exodus/Content/ThirdPerson/Input/Actions/IA_Sprint.uexp" 709
"F:/GitHub/exodus_dev/Exodus/Content/ThirdPerson/Input/Actions/IA_Jump.uasset" 710
"F:/GitHub/exodus_dev/Exodus/Content/ThirdPerson/Input/Actions/IA_Jump.uexp" 711
"F:/GitHub/exodus_dev/Exodus/Content/ThirdPerson/Input/Actions/IA_Look.uasset" 712
"F:/GitHub/exodus_dev/Exodus/Content/ThirdPerson/Input/Actions/IA_Look.uexp" 713
"F:/GitHub/exodus_dev/Exodus/Content/ThirdPerson/Input/Actions/IA_Move.uasset" 714
"F:/GitHub/exodus_dev/Exodus/Content/ThirdPerson/Input/Actions/IA_Move.uexp" 715
"F:/GitHub/exodus_dev/Exodus/Content/ThirdPerson/Input/Actions/IA_Pause.uasset" 716
"F:/GitHub/exodus_dev/Exodus/Content/ThirdPerson/Input/Actions/IA_Pause.uexp" 717
"F:/GitHub/exodus_dev/Exodus/Content/ThirdPerson/Input/Actions/IA_OpenMenu.uasset" 718
"F:/GitHub/exodus_dev/Exodus/Content/ThirdPerson/Input/Actions/IA_OpenMenu.uexp" 719
"F:/GitHub/exodus_dev/Exodus/Content/ThirdPerson/Input/IMC_Default.uasset" 720
"F:/GitHub/exodus_dev/Exodus/Content/ThirdPerson/Input/IMC_Default.uexp" 721
"F:/GitHub/exodus_dev/Exodus/Content/DataTables/DT_EventGen_River.uasset" 722
"F:/GitHub/exodus_dev/Exodus/Content/DataTables/DT_EventGen_River.uexp" 723
"F:/GitHub/exodus_dev/Exodus/Content/UIUX/Fonts/MagicSchoolOne.uexp" 724
"F:/GitHub/exodus_dev/Exodus/Content/UIUX/Fonts/MagicSchoolOne.uasset" 725
"F:/GitHub/exodus_dev/Exodus/Content/UIUX/Fonts/MagicSchoolOne.ufont" 726
"F:/GitHub/exodus_dev/Exodus/Content/UIUX/Fonts/MagicSchoolOne_Font.uasset" 727
"F:/GitHub/exodus_dev/Exodus/Content/UIUX/Fonts/MagicSchoolOne_Font.uexp" 728
"F:/GitHub/exodus_dev/Exodus/Content/UIUX/Images/EtA_Pause_Menu_3-23-2024.uasset" 729
"F:/GitHub/exodus_dev/Exodus/Content/UIUX/Images/EtA_Pause_Menu_3-23-2024.uexp" 730
"F:/GitHub/exodus_dev/Exodus/Content/UIUX/UI_Pause.uasset" 731
"F:/GitHub/exodus_dev/Exodus/Content/UIUX/UI_Pause.uexp" 732
"F:/GitHub/exodus_dev/Exodus/Content/ThirdPerson/Blueprints/RTSCam.uasset" 733
"F:/GitHub/exodus_dev/Exodus/Content/ThirdPerson/Blueprints/RTSCam.uexp" 734
"F:/GitHub/exodus_dev/Exodus/Content/ThirdPerson/Blueprints/BP_ThirdPersonGameMode.uasset" 735
"F:/GitHub/exodus_dev/Exodus/Content/ThirdPerson/Blueprints/BP_ThirdPersonGameMode.uexp" 736
"F:/GitHub/exodus_dev/Exodus/Content/Blueprints/ActorBlueprints/PickupBP.uasset" 737
"F:/GitHub/exodus_dev/Exodus/Content/Blueprints/ActorBlueprints/PickupBP.uexp" 738
"F:/GitHub/exodus_dev/Exodus/Content/Characters/Mannequins/Meshes/SK_Mannequin.uasset" 739
"F:/GitHub/exodus_dev/Exodus/Content/Characters/Mannequins/Meshes/SK_Mannequin.uexp" 740
"../../../Engine/Content/Animation/DefaultAnimCurveCompressionSettings.uasset" 741
"../../../Engine/Content/Animation/DefaultAnimCurveCompressionSettings.uexp" 742
"../../../Engine/Content/Animation/DefaultAnimBoneCompressionSettings.uasset" 743
"../../../Engine/Content/Animation/DefaultAnimBoneCompressionSettings.uexp" 744
"F:/GitHub/exodus_dev/Exodus/Content/Characters/Mannequins/Animations/Quinn/MF_Run_Fwd.uasset" 745
"F:/GitHub/exodus_dev/Exodus/Content/Characters/Mannequins/Animations/Quinn/MF_Run_Fwd.uexp" 746
"F:/GitHub/exodus_dev/Exodus/Content/Characters/Mannequins/Animations/Quinn/MF_Walk_Fwd.uasset" 747
"F:/GitHub/exodus_dev/Exodus/Content/Characters/Mannequins/Animations/Quinn/MF_Walk_Fwd.uexp" 748
"../../../Engine/Content/Animation/DefaultRecorderBoneCompression.uasset" 749
"../../../Engine/Content/Animation/DefaultRecorderBoneCompression.uexp" 750
"F:/GitHub/exodus_dev/Exodus/Content/Characters/Mannequins/Animations/Manny/MM_Walk_InPlace.uasset" 751
"F:/GitHub/exodus_dev/Exodus/Content/Characters/Mannequins/Animations/Manny/MM_Walk_InPlace.uexp" 752
"F:/GitHub/exodus_dev/Exodus/Content/Characters/Mannequins/Animations/Quinn/BS_MF_Unarmed_WalkRun.uasset" 753
"F:/GitHub/exodus_dev/Exodus/Content/Characters/Mannequins/Animations/Quinn/BS_MF_Unarmed_WalkRun.uexp" 754
"F:/GitHub/exodus_dev/Exodus/Content/Characters/Mannequins/Animations/Quinn/MF_Idle.uasset" 755
"F:/GitHub/exodus_dev/Exodus/Content/Characters/Mannequins/Animations/Quinn/MF_Idle.uexp" 756
"F:/GitHub/exodus_dev/Exodus/Content/Characters/Mannequins/Animations/Manny/MM_Fall_Loop.uasset" 757
"F:/GitHub/exodus_dev/Exodus/Content/Characters/Mannequins/Animations/Manny/MM_Fall_Loop.uexp" 758
"F:/GitHub/exodus_dev/Exodus/Content/Characters/Mannequins/Animations/Manny/MM_Jump.uasset" 759
"F:/GitHub/exodus_dev/Exodus/Content/Characters/Mannequins/Animations/Manny/MM_Jump.uexp" 760
"../../../Engine/Plugins/Animation/ControlRig/Content/Controls/DefaultGizmoLibrary.uasset" 761
"../../../Engine/Plugins/Animation/ControlRig/Content/Controls/DefaultGizmoLibrary.uexp" 762
"F:/GitHub/exodus_dev/Exodus/Content/Characters/Mannequins/Rigs/CR_Mannequin_BasicFootIK.uasset" 763
"F:/GitHub/exodus_dev/Exodus/Content/Characters/Mannequins/Rigs/CR_Mannequin_BasicFootIK.uexp" 764
"F:/GitHub/exodus_dev/Exodus/Content/Characters/Mannequins/Animations/Manny/MM_Run_Fwd.uasset" 765
"F:/GitHub/exodus_dev/Exodus/Content/Characters/Mannequins/Animations/Manny/MM_Run_Fwd.uexp" 766
"F:/GitHub/exodus_dev/Exodus/Content/Characters/Mannequins/Animations/Manny/MM_Walk_Fwd.uasset" 767
"F:/GitHub/exodus_dev/Exodus/Content/Characters/Mannequins/Animations/Manny/MM_Walk_Fwd.uexp" 768
"F:/GitHub/exodus_dev/Exodus/Content/Characters/Mannequins/Animations/Manny/BS_MM_WalkRun.uasset" 769
"F:/GitHub/exodus_dev/Exodus/Content/Characters/Mannequins/Animations/Manny/BS_MM_WalkRun.uexp" 770
"F:/GitHub/exodus_dev/Exodus/Content/Characters/Mannequins/Animations/Manny/MM_Land.uasset" 771
"F:/GitHub/exodus_dev/Exodus/Content/Characters/Mannequins/Animations/Manny/MM_Land.uexp" 772
"F:/GitHub/exodus_dev/Exodus/Content/Characters/Mannequins/Animations/Manny/MM_Idle.uasset" 773
"F:/GitHub/exodus_dev/Exodus/Content/Characters/Mannequins/Animations/Manny/MM_Idle.uexp" 774
"F:/GitHub/exodus_dev/Exodus/Content/Characters/Mannequins/Animations/ABP_Manny.uasset" 775
"F:/GitHub/exodus_dev/Exodus/Content/Characters/Mannequins/Animations/ABP_Manny.uexp" 776
"F:/GitHub/exodus_dev/Exodus/Content/Characters/Mannequins/Animations/ABP_Quinn.uasset" 777
"F:/GitHub/exodus_dev/Exodus/Content/Characters/Mannequins/Animations/ABP_Quinn.uexp" 778
"F:/GitHub/exodus_dev/Exodus/Content/Characters/Mannequins/Rigs/Poses/Quinn/Quinn_foot_l_anim.uasset" 779
"F:/GitHub/exodus_dev/Exodus/Content/Characters/Mannequins/Rigs/Poses/Quinn/Quinn_foot_l_anim.uexp" 780
"F:/GitHub/exodus_dev/Exodus/Content/Characters/Mannequins/Rigs/Poses/Quinn/Quinn_foot_l_pose.uasset" 781
"F:/GitHub/exodus_dev/Exodus/Content/Characters/Mannequins/Rigs/Poses/Quinn/Quinn_foot_l_pose.uexp" 782
"F:/GitHub/exodus_dev/Exodus/Content/Characters/Mannequins/Rigs/Poses/Quinn/Quinn_clavicle_l_anim.uasset" 783
"F:/GitHub/exodus_dev/Exodus/Content/Characters/Mannequins/Rigs/Poses/Quinn/Quinn_clavicle_l_anim.uexp" 784
"F:/GitHub/exodus_dev/Exodus/Content/Characters/Mannequins/Rigs/Poses/Quinn/Quinn_clavicle_l_pose.uasset" 785
"F:/GitHub/exodus_dev/Exodus/Content/Characters/Mannequins/Rigs/Poses/Quinn/Quinn_clavicle_l_pose.uexp" 786
"F:/GitHub/exodus_dev/Exodus/Content/Characters/Mannequins/Rigs/Poses/Quinn/Quinn_clavicle_r_anim.uasset" 787
"F:/GitHub/exodus_dev/Exodus/Content/Characters/Mannequins/Rigs/Poses/Quinn/Quinn_clavicle_r_anim.uexp" 788
"F:/GitHub/exodus_dev/Exodus/Content/Characters/Mannequins/Rigs/Poses/Quinn/Quinn_clavicle_r_pose.uasset" 789
"F:/GitHub/exodus_dev/Exodus/Content/Characters/Mannequins/Rigs/Poses/Quinn/Quinn_clavicle_r_pose.uexp" 790
"F:/GitHub/exodus_dev/Exodus/Content/Characters/Mannequins/Rigs/Poses/Quinn/Quinn_upperarm_l_anim.uasset" 791
"F:/GitHub/exodus_dev/Exodus/Content/Characters/Mannequins/Rigs/Poses/Quinn/Quinn_upperarm_l_anim.uexp" 792
"F:/GitHub/exodus_dev/Exodus/Content/Characters/Mannequins/Rigs/Poses/Quinn/Quinn_upperarm_l_pose.uasset" 793
"F:/GitHub/exodus_dev/Exodus/Content/Characters/Mannequins/Rigs/Poses/Quinn/Quinn_upperarm_l_pose.uexp" 794
"F:/GitHub/exodus_dev/Exodus/Content/Characters/Mannequins/Rigs/Poses/Quinn/Quinn_lowerarm_l_anim.uasset" 795
"F:/GitHub/exodus_dev/Exodus/Content/Characters/Mannequins/Rigs/Poses/Quinn/Quinn_lowerarm_l_anim.uexp" 796
"F:/GitHub/exodus_dev/Exodus/Content/Characters/Mannequins/Rigs/Poses/Quinn/Quinn_lowerarm_l_pose.uasset" 797
"F:/GitHub/exodus_dev/Exodus/Content/Characters/Mannequins/Rigs/Poses/Quinn/Quinn_lowerarm_l_pose.uexp" 798
"F:/GitHub/exodus_dev/Exodus/Content/Characters/Mannequins/Rigs/Poses/Quinn/Quinn_calf_l_anim.uasset" 799
"F:/GitHub/exodus_dev/Exodus/Content/Characters/Mannequins/Rigs/Poses/Quinn/Quinn_calf_l_anim.uexp" 800
"F:/GitHub/exodus_dev/Exodus/Content/Characters/Mannequins/Rigs/Poses/Quinn/Quinn_calf_l_pose.uasset" 801
"F:/GitHub/exodus_dev/Exodus/Content/Characters/Mannequins/Rigs/Poses/Quinn/Quinn_calf_l_pose.uexp" 802
"F:/GitHub/exodus_dev/Exodus/Content/Characters/Mannequins/Rigs/CR_Mannequin_Procedural.uasset" 803
"F:/GitHub/exodus_dev/Exodus/Content/Characters/Mannequins/Rigs/CR_Mannequin_Procedural.uexp" 804
"F:/GitHub/exodus_dev/Exodus/Content/Characters/Mannequins/Rigs/Poses/Quinn/Quinn_upperarm_r_anim.uasset" 805
"F:/GitHub/exodus_dev/Exodus/Content/Characters/Mannequins/Rigs/Poses/Quinn/Quinn_upperarm_r_anim.uexp" 806
"F:/GitHub/exodus_dev/Exodus/Content/Characters/Mannequins/Rigs/Poses/Quinn/Quinn_upperarm_r_pose.uasset" 807
"F:/GitHub/exodus_dev/Exodus/Content/Characters/Mannequins/Rigs/Poses/Quinn/Quinn_upperarm_r_pose.uexp" 808
"F:/GitHub/exodus_dev/Exodus/Content/Characters/Mannequins/Rigs/Poses/Quinn/Quinn_calf_r_anim.uasset" 809
"F:/GitHub/exodus_dev/Exodus/Content/Characters/Mannequins/Rigs/Poses/Quinn/Quinn_calf_r_anim.uexp" 810
"F:/GitHub/exodus_dev/Exodus/Content/Characters/Mannequins/Rigs/Poses/Quinn/Quinn_calf_r_pose.uasset" 811
"F:/GitHub/exodus_dev/Exodus/Content/Characters/Mannequins/Rigs/Poses/Quinn/Quinn_calf_r_pose.uexp" 812
"F:/GitHub/exodus_dev/Exodus/Content/Characters/Mannequins/Rigs/Poses/Quinn/Quinn_foot_r_anim.uasset" 813
"F:/GitHub/exodus_dev/Exodus/Content/Characters/Mannequins/Rigs/Poses/Quinn/Quinn_foot_r_anim.uexp" 814
"F:/GitHub/exodus_dev/Exodus/Content/Characters/Mannequins/Rigs/Poses/Quinn/Quinn_foot_r_pose.uasset" 815
"F:/GitHub/exodus_dev/Exodus/Content/Characters/Mannequins/Rigs/Poses/Quinn/Quinn_foot_r_pose.uexp" 816
"F:/GitHub/exodus_dev/Exodus/Content/Characters/Mannequins/Rigs/Poses/Quinn/Quinn_lowerarm_r_anim.uasset" 817
"F:/GitHub/exodus_dev/Exodus/Content/Characters/Mannequins/Rigs/Poses/Quinn/Quinn_lowerarm_r_anim.uexp" 818
"F:/GitHub/exodus_dev/Exodus/Content/Characters/Mannequins/Rigs/Poses/Quinn/Quinn_lowerarm_r_pose.uasset" 819
"F:/GitHub/exodus_dev/Exodus/Content/Characters/Mannequins/Rigs/Poses/Quinn/Quinn_lowerarm_r_pose.uexp" 820
"F:/GitHub/exodus_dev/Exodus/Content/Characters/Mannequins/Rigs/Poses/Quinn/Quinn_thigh_l_anim.uasset" 821
"F:/GitHub/exodus_dev/Exodus/Content/Characters/Mannequins/Rigs/Poses/Quinn/Quinn_thigh_l_anim.uexp" 822
"F:/GitHub/exodus_dev/Exodus/Content/Characters/Mannequins/Rigs/Poses/Quinn/Quinn_thigh_l_pose.uasset" 823
"F:/GitHub/exodus_dev/Exodus/Content/Characters/Mannequins/Rigs/Poses/Quinn/Quinn_thigh_l_pose.uexp" 824
"F:/GitHub/exodus_dev/Exodus/Content/Characters/Mannequins/Rigs/Poses/Quinn/Quinn_thigh_r_anim.uasset" 825
"F:/GitHub/exodus_dev/Exodus/Content/Characters/Mannequins/Rigs/Poses/Quinn/Quinn_thigh_r_anim.uexp" 826
"F:/GitHub/exodus_dev/Exodus/Content/Characters/Mannequins/Rigs/Poses/Quinn/Quinn_thigh_r_pose.uasset" 827
"F:/GitHub/exodus_dev/Exodus/Content/Characters/Mannequins/Rigs/Poses/Quinn/Quinn_thigh_r_pose.uexp" 828
"F:/GitHub/exodus_dev/Exodus/Content/Characters/Mannequins/Rigs/Poses/Quinn/Quinn_hand_l_anim.uasset" 829
"F:/GitHub/exodus_dev/Exodus/Content/Characters/Mannequins/Rigs/Poses/Quinn/Quinn_hand_l_anim.uexp" 830
"F:/GitHub/exodus_dev/Exodus/Content/Characters/Mannequins/Rigs/Poses/Quinn/Quinn_hand_l_pose.uasset" 831
"F:/GitHub/exodus_dev/Exodus/Content/Characters/Mannequins/Rigs/Poses/Quinn/Quinn_hand_l_pose.uexp" 832
"F:/GitHub/exodus_dev/Exodus/Content/Characters/Mannequins/Rigs/Poses/Quinn/Quinn_hand_r_anim.uasset" 833
"F:/GitHub/exodus_dev/Exodus/Content/Characters/Mannequins/Rigs/Poses/Quinn/Quinn_hand_r_anim.uexp" 834
"F:/GitHub/exodus_dev/Exodus/Content/Characters/Mannequins/Rigs/Poses/Quinn/Quinn_hand_r_pose.uasset" 835
"F:/GitHub/exodus_dev/Exodus/Content/Characters/Mannequins/Rigs/Poses/Quinn/Quinn_hand_r_pose.uexp" 836
"F:/GitHub/exodus_dev/Exodus/Content/Characters/Mannequins/Rigs/ABP_Quinn_PostProcess.uasset" 837
"F:/GitHub/exodus_dev/Exodus/Content/Characters/Mannequins/Rigs/ABP_Quinn_PostProcess.uexp" 838
"F:/GitHub/exodus_dev/Exodus/Content/Characters/Mannequins/Textures/Quinn/T_Quinn_02ID_MSR_MSK.ubulk" 839
"F:/GitHub/exodus_dev/Exodus/Content/Characters/Mannequins/Textures/Quinn/T_Quinn_02ID_MSR_MSK.uasset" 840
"F:/GitHub/exodus_dev/Exodus/Content/Characters/Mannequins/Textures/Quinn/T_Quinn_02ID_MSR_MSK.uexp" 841
"F:/GitHub/exodus_dev/Exodus/Content/Characters/Mannequins/Textures/Quinn/T_Quinn_02ID_BN.ubulk" 842
"F:/GitHub/exodus_dev/Exodus/Content/Characters/Mannequins/Textures/Quinn/T_Quinn_02ID_BN.uasset" 843
"F:/GitHub/exodus_dev/Exodus/Content/Characters/Mannequins/Textures/Quinn/T_Quinn_02ID_BN.uexp" 844
"F:/GitHub/exodus_dev/Exodus/Content/Characters/Mannequins/Textures/Quinn/T_Quinn_02_ASAOMASK_MSK.ubulk" 845
"F:/GitHub/exodus_dev/Exodus/Content/Characters/Mannequins/Textures/Quinn/T_Quinn_02_ASAOMASK_MSK.uasset" 846
"F:/GitHub/exodus_dev/Exodus/Content/Characters/Mannequins/Textures/Quinn/T_Quinn_02_ASAOMASK_MSK.uexp" 847
"F:/GitHub/exodus_dev/Exodus/Content/Characters/Mannequins/Textures/Quinn/T_Quinn_02_CCRCCPlastic_MSK.ubulk" 848
"F:/GitHub/exodus_dev/Exodus/Content/Characters/Mannequins/Textures/Quinn/T_Quinn_02_CCRCCPlastic_MSK.uasset" 849
"F:/GitHub/exodus_dev/Exodus/Content/Characters/Mannequins/Textures/Quinn/T_Quinn_02_CCRCCPlastic_MSK.uexp" 850
"F:/GitHub/exodus_dev/Exodus/Content/Characters/Mannequins/Textures/Quinn/T_Quinn_02ID_Tan.ubulk" 851
"F:/GitHub/exodus_dev/Exodus/Content/Characters/Mannequins/Textures/Quinn/T_Quinn_02ID_Tan.uasset" 852
"F:/GitHub/exodus_dev/Exodus/Content/Characters/Mannequins/Textures/Quinn/T_Quinn_02ID_Tan.uexp" 853
"F:/GitHub/exodus_dev/Exodus/Content/Characters/Mannequins/Textures/Quinn/T_Quinn_02ID_D.ubulk" 854
"F:/GitHub/exodus_dev/Exodus/Content/Characters/Mannequins/Textures/Quinn/T_Quinn_02ID_D.uasset" 855
"F:/GitHub/exodus_dev/Exodus/Content/Characters/Mannequins/Textures/Quinn/T_Quinn_02ID_D.uexp" 856
"F:/GitHub/exodus_dev/Exodus/Content/Characters/Mannequins/Textures/Quinn/T_Quinn_01ID_MSR_MSK.ubulk" 857
"F:/GitHub/exodus_dev/Exodus/Content/Characters/Mannequins/Textures/Quinn/T_Quinn_01ID_MSR_MSK.uasset" 858
"F:/GitHub/exodus_dev/Exodus/Content/Characters/Mannequins/Textures/Quinn/T_Quinn_01ID_MSR_MSK.uexp" 859
"F:/GitHub/exodus_dev/Exodus/Content/Characters/Mannequins/Materials/Functions/ChromaticCurve.uasset" 860
"F:/GitHub/exodus_dev/Exodus/Content/Characters/Mannequins/Materials/Functions/ChromaticCurve.uexp" 861
"F:/GitHub/exodus_dev/Exodus/Content/Characters/Mannequins/Materials/Functions/CA_Mannequin.uasset" 862
"F:/GitHub/exodus_dev/Exodus/Content/Characters/Mannequins/Materials/Functions/CA_Mannequin.uexp" 863
"F:/GitHub/exodus_dev/Exodus/Content/Characters/Mannequins/Materials/Functions/MF_Diffraction.uasset" 864
"F:/GitHub/exodus_dev/Exodus/Content/Characters/Mannequins/Materials/Functions/MF_Diffraction.uexp" 865
"F:/GitHub/exodus_dev/Exodus/Content/Characters/Mannequins/Textures/Manny/T_Manny_01_N.ubulk" 866
"F:/GitHub/exodus_dev/Exodus/Content/Characters/Mannequins/Textures/Manny/T_Manny_01_N.uasset" 867
"F:/GitHub/exodus_dev/Exodus/Content/Characters/Mannequins/Textures/Manny/T_Manny_01_N.uexp" 868
"F:/GitHub/exodus_dev/Exodus/Content/Characters/Mannequins/Materials/Functions/ML_BaseColorFallOff.uasset" 869
"F:/GitHub/exodus_dev/Exodus/Content/Characters/Mannequins/Materials/Functions/ML_BaseColorFallOff.uexp" 870
"../../../Engine/Content/Functions/Engine_MaterialFunctions01/Texturing/ScaleUVsByCenter.uasset" 871
"../../../Engine/Content/Functions/Engine_MaterialFunctions01/Texturing/ScaleUVsByCenter.uexp" 872
"F:/GitHub/exodus_dev/Exodus/Content/Characters/Mannequins/Textures/Shared/T_UE_Logo_M.uasset" 873
"F:/GitHub/exodus_dev/Exodus/Content/Characters/Mannequins/Textures/Shared/T_UE_Logo_M.uexp" 874
"F:/GitHub/exodus_dev/Exodus/Content/Characters/Mannequins/Materials/Functions/MF_logo3layers.uasset" 875
"F:/GitHub/exodus_dev/Exodus/Content/Characters/Mannequins/Materials/Functions/MF_logo3layers.uexp" 876
"F:/GitHub/exodus_dev/Exodus/Content/Characters/Mannequins/Textures/Manny/T_Manny_01_CCRCCPlastic_MSK.ubulk" 877
"F:/GitHub/exodus_dev/Exodus/Content/Characters/Mannequins/Textures/Manny/T_Manny_01_CCRCCPlastic_MSK.uasset" 878
"F:/GitHub/exodus_dev/Exodus/Content/Characters/Mannequins/Textures/Manny/T_Manny_01_CCRCCPlastic_MSK.uexp" 879
"F:/GitHub/exodus_dev/Exodus/Content/Characters/Mannequins/Textures/Manny/T_Manny_01_ASAOPMASK_MSK.ubulk" 880
"F:/GitHub/exodus_dev/Exodus/Content/Characters/Mannequins/Textures/Manny/T_Manny_01_ASAOPMASK_MSK.uasset" 881
"F:/GitHub/exodus_dev/Exodus/Content/Characters/Mannequins/Textures/Manny/T_Manny_01_ASAOPMASK_MSK.uexp" 882
"F:/GitHub/exodus_dev/Exodus/Content/Characters/Mannequins/Textures/Manny/T_Manny_01_MSR_MSK.ubulk" 883
"F:/GitHub/exodus_dev/Exodus/Content/Characters/Mannequins/Textures/Manny/T_Manny_01_MSR_MSK.uasset" 884
"F:/GitHub/exodus_dev/Exodus/Content/Characters/Mannequins/Textures/Manny/T_Manny_01_MSR_MSK.uexp" 885
"F:/GitHub/exodus_dev/Exodus/Content/Characters/Mannequins/Textures/Manny/T_Manny_01_BN.ubulk" 886
"F:/GitHub/exodus_dev/Exodus/Content/Characters/Mannequins/Textures/Manny/T_Manny_01_BN.uasset" 887
"F:/GitHub/exodus_dev/Exodus/Content/Characters/Mannequins/Textures/Manny/T_Manny_01_BN.uexp" 888
"F:/GitHub/exodus_dev/Exodus/Content/Characters/Mannequins/Textures/Manny/T_Manny_01_D.ubulk" 889
"F:/GitHub/exodus_dev/Exodus/Content/Characters/Mannequins/Textures/Manny/T_Manny_01_D.uasset" 890
"F:/GitHub/exodus_dev/Exodus/Content/Characters/Mannequins/Textures/Manny/T_Manny_01_D.uexp" 891
"F:/GitHub/exodus_dev/Exodus/Content/Characters/Mannequins/Textures/Manny/T_Manny_01_Tan.ubulk" 892
"F:/GitHub/exodus_dev/Exodus/Content/Characters/Mannequins/Textures/Manny/T_Manny_01_Tan.uasset" 893
"F:/GitHub/exodus_dev/Exodus/Content/Characters/Mannequins/Textures/Manny/T_Manny_01_Tan.uexp" 894
"F:/GitHub/exodus_dev/Exodus/Content/Characters/Mannequins/Materials/M_Mannequin.uasset" 895
"F:/GitHub/exodus_dev/Exodus/Content/Characters/Mannequins/Materials/M_Mannequin.uexp" 896
"F:/GitHub/exodus_dev/Exodus/Content/Characters/Mannequins/Textures/Quinn/T_Quinn_01_ASAOMASK_MSK.ubulk" 897
"F:/GitHub/exodus_dev/Exodus/Content/Characters/Mannequins/Textures/Quinn/T_Quinn_01_ASAOMASK_MSK.uasset" 898
"F:/GitHub/exodus_dev/Exodus/Content/Characters/Mannequins/Textures/Quinn/T_Quinn_01_ASAOMASK_MSK.uexp" 899
"F:/GitHub/exodus_dev/Exodus/Content/Characters/Mannequins/Textures/Quinn/T_Quinn_01ID_N.ubulk" 900
"F:/GitHub/exodus_dev/Exodus/Content/Characters/Mannequins/Textures/Quinn/T_Quinn_01ID_N.uasset" 901
"F:/GitHub/exodus_dev/Exodus/Content/Characters/Mannequins/Textures/Quinn/T_Quinn_01ID_N.uexp" 902
"F:/GitHub/exodus_dev/Exodus/Content/Characters/Mannequins/Textures/Quinn/T_Quinn_01ID_BN.ubulk" 903
"F:/GitHub/exodus_dev/Exodus/Content/Characters/Mannequins/Textures/Quinn/T_Quinn_01ID_BN.uasset" 904
"F:/GitHub/exodus_dev/Exodus/Content/Characters/Mannequins/Textures/Quinn/T_Quinn_01ID_BN.uexp" 905
"F:/GitHub/exodus_dev/Exodus/Content/Characters/Mannequins/Textures/Quinn/T_Quinn_01ID_D.ubulk" 906
"F:/GitHub/exodus_dev/Exodus/Content/Characters/Mannequins/Textures/Quinn/T_Quinn_01ID_D.uasset" 907
"F:/GitHub/exodus_dev/Exodus/Content/Characters/Mannequins/Textures/Quinn/T_Quinn_01ID_D.uexp" 908
"F:/GitHub/exodus_dev/Exodus/Content/Characters/Mannequins/Textures/Quinn/T_Quinn_01ID_Tan.ubulk" 909
"F:/GitHub/exodus_dev/Exodus/Content/Characters/Mannequins/Textures/Quinn/T_Quinn_01ID_Tan.uasset" 910
"F:/GitHub/exodus_dev/Exodus/Content/Characters/Mannequins/Textures/Quinn/T_Quinn_01ID_Tan.uexp" 911
"F:/GitHub/exodus_dev/Exodus/Content/Characters/Mannequins/Textures/Quinn/T_Quinn_01_CCRCCPlastic_MSK.ubulk" 912
"F:/GitHub/exodus_dev/Exodus/Content/Characters/Mannequins/Textures/Quinn/T_Quinn_01_CCRCCPlastic_MSK.uasset" 913
"F:/GitHub/exodus_dev/Exodus/Content/Characters/Mannequins/Textures/Quinn/T_Quinn_01_CCRCCPlastic_MSK.uexp" 914
"F:/GitHub/exodus_dev/Exodus/Content/Characters/Mannequins/Materials/Instances/Quinn/MI_Quinn_01.uasset" 915
"F:/GitHub/exodus_dev/Exodus/Content/Characters/Mannequins/Materials/Instances/Quinn/MI_Quinn_01.uexp" 916
"F:/GitHub/exodus_dev/Exodus/Content/Characters/Mannequins/Textures/Quinn/T_Quinn_02ID_N.ubulk" 917
"F:/GitHub/exodus_dev/Exodus/Content/Characters/Mannequins/Textures/Quinn/T_Quinn_02ID_N.uasset" 918
"F:/GitHub/exodus_dev/Exodus/Content/Characters/Mannequins/Textures/Quinn/T_Quinn_02ID_N.uexp" 919
"F:/GitHub/exodus_dev/Exodus/Content/Characters/Mannequins/Materials/Instances/Quinn/MI_Quinn_02.uasset" 920
"F:/GitHub/exodus_dev/Exodus/Content/Characters/Mannequins/Materials/Instances/Quinn/MI_Quinn_02.uexp" 921
"F:/GitHub/exodus_dev/Exodus/Content/Characters/Mannequins/Rigs/PA_Mannequin.uasset" 922
"F:/GitHub/exodus_dev/Exodus/Content/Characters/Mannequins/Rigs/PA_Mannequin.uexp" 923
"F:/GitHub/exodus_dev/Exodus/Content/Characters/Mannequins/Meshes/SKM_Quinn.uasset" 924
"F:/GitHub/exodus_dev/Exodus/Content/Characters/Mannequins/Meshes/SKM_Quinn.uexp" 925
"F:/GitHub/exodus_dev/Exodus/Content/ThirdPerson/Blueprints/BP_ThirdPersonCharacter.uasset" 926
"F:/GitHub/exodus_dev/Exodus/Content/ThirdPerson/Blueprints/BP_ThirdPersonCharacter.uexp" 927
"F:/GitHub/exodus_dev/Exodus/Content/StarterContent/Shapes/Shape_Cube.ubulk" 928
"F:/GitHub/exodus_dev/Exodus/Content/StarterContent/Shapes/Shape_Cube.uasset" 929
"F:/GitHub/exodus_dev/Exodus/Content/StarterContent/Shapes/Shape_Cube.uexp" 930
"F:/GitHub/exodus_dev/Exodus/Content/Blueprints/GenerativeTiles/AC_tileData.uasset" 931
"F:/GitHub/exodus_dev/Exodus/Content/Blueprints/GenerativeTiles/AC_tileData.uexp" 932
"F:/GitHub/exodus_dev/Exodus/Content/Materials/M_HexTile_InstanceMesh.uasset" 933
"F:/GitHub/exodus_dev/Exodus/Content/Materials/M_HexTile_InstanceMesh.uexp" 934
"F:/GitHub/exodus_dev/Exodus/Content/StarterContent/Shapes/Shape_Sphere.ubulk" 935
"F:/GitHub/exodus_dev/Exodus/Content/StarterContent/Shapes/Shape_Sphere.uasset" 936
"F:/GitHub/exodus_dev/Exodus/Content/StarterContent/Shapes/Shape_Sphere.uexp" 937
"F:/GitHub/exodus_dev/Exodus/Content/Blueprints/GenerativeTiles/BP_HexGrid.uasset" 938
"F:/GitHub/exodus_dev/Exodus/Content/Blueprints/GenerativeTiles/BP_HexGrid.uexp" 939
"../../../Engine/Content/MobileResources/HUD/VirtualJoystick_Background.uasset" 940
"../../../Engine/Content/MobileResources/HUD/VirtualJoystick_Background.uexp" 941
"../../../Engine/Content/MobileResources/HUD/VirtualJoystick_Thumb.uasset" 942
"../../../Engine/Content/MobileResources/HUD/VirtualJoystick_Thumb.uexp" 943
"../../../Engine/Content/MobileResources/HUD/DefaultVirtualJoysticks.uasset" 944
"../../../Engine/Content/MobileResources/HUD/DefaultVirtualJoysticks.uexp" 945
"../../../Engine/Content/EngineSky/VolumetricClouds/CloudWeatherTexture.uasset" 946
"../../../Engine/Content/EngineSky/VolumetricClouds/CloudWeatherTexture.uexp" 947
"../../../Engine/Content/Functions/Engine_MaterialFunctions02/Utility/MakeFloat2.uasset" 948
"../../../Engine/Content/Functions/Engine_MaterialFunctions02/Utility/MakeFloat2.uexp" 949
"../../../Engine/Content/EngineSky/VolumetricClouds/CloudGradientTexture.uasset" 950
"../../../Engine/Content/EngineSky/VolumetricClouds/CloudGradientTexture.uexp" 951
"../../../Engine/Content/EngineSky/VolumetricClouds/T_NoiseShape64.ubulk" 952
"../../../Engine/Content/EngineSky/VolumetricClouds/T_NoiseShape64.uasset" 953
"../../../Engine/Content/EngineSky/VolumetricClouds/T_NoiseShape64.uexp" 954
"../../../Engine/Content/EngineSky/VolumetricClouds/T_VolumeNoiseShape64.uasset" 955
"../../../Engine/Content/EngineSky/VolumetricClouds/T_VolumeNoiseShape64.uexp" 956
"../../../Engine/Content/EngineSky/VolumetricClouds/T_NoiseErosion.ubulk" 957
"../../../Engine/Content/EngineSky/VolumetricClouds/T_NoiseErosion.uasset" 958
"../../../Engine/Content/EngineSky/VolumetricClouds/T_NoiseErosion.uexp" 959
"../../../Engine/Content/EngineSky/VolumetricClouds/T_VolumeNoiseErosion32.uasset" 960
"../../../Engine/Content/EngineSky/VolumetricClouds/T_VolumeNoiseErosion32.uexp" 961
"../../../Engine/Content/EngineSky/VolumetricClouds/m_SimpleVolumetricCloud.uasset" 962
"../../../Engine/Content/EngineSky/VolumetricClouds/m_SimpleVolumetricCloud.uexp" 963
"../../../Engine/Content/EngineSky/VolumetricClouds/m_SimpleVolumetricCloud_Inst.uasset" 964
"../../../Engine/Content/EngineSky/VolumetricClouds/m_SimpleVolumetricCloud_Inst.uexp" 965
"../../../Engine/Content/EngineResources/FilmGrains/Marcie_Grain_v3_128_M2_000.uasset" 966
"../../../Engine/Content/EngineResources/FilmGrains/Marcie_Grain_v3_128_M2_000.uexp" 967
"../../../Engine/Content/EditorResources/SequenceRecorder/RecordingIndicator.uasset" 968
"../../../Engine/Content/EditorResources/SequenceRecorder/RecordingIndicator.uexp" 969
"../../../Engine/Content/EditorResources/SequenceRecorder/Countdown.uasset" 970
"../../../Engine/Content/EditorResources/SequenceRecorder/Countdown.uexp" 971
"../../../Engine/Plugins/Experimental/Volumetrics/Content/Content/VolumeTextures/Textures/T_Tiling_VoronoiNoise_256.uasset" 972
"../../../Engine/Plugins/Experimental/Volumetrics/Content/Content/VolumeTextures/Textures/T_Tiling_VoronoiNoise_256.uexp" 973
"../../../Engine/Plugins/Experimental/Volumetrics/Content/Content/VolumeTextures/Textures/VT_Voronoi.ubulk" 974
"../../../Engine/Plugins/Experimental/Volumetrics/Content/Content/VolumeTextures/Textures/VT_Voronoi.uasset" 975
"../../../Engine/Plugins/Experimental/Volumetrics/Content/Content/VolumeTextures/Textures/VT_Voronoi.uexp" 976
"../../../Engine/Plugins/Experimental/Volumetrics/Content/Content/VolumeTextures/Textures/T_CurlNoise_16by8_128res_Tiling_9.ubulk" 977
"../../../Engine/Plugins/Experimental/Volumetrics/Content/Content/VolumeTextures/Textures/T_CurlNoise_16by8_128res_Tiling_9.uasset" 978
"../../../Engine/Plugins/Experimental/Volumetrics/Content/Content/VolumeTextures/Textures/T_CurlNoise_16by8_128res_Tiling_9.uexp" 979
"../../../Engine/Plugins/Experimental/Volumetrics/Content/Content/VolumeTextures/Textures/VT_CurlNoise.ubulk" 980
"../../../Engine/Plugins/Experimental/Volumetrics/Content/Content/VolumeTextures/Textures/VT_CurlNoise.uasset" 981
"../../../Engine/Plugins/Experimental/Volumetrics/Content/Content/VolumeTextures/Textures/VT_CurlNoise.uexp" 982
"../../../Engine/Content/MapTemplates/TilingNoise05.ubulk" 983
"../../../Engine/Content/MapTemplates/TilingNoise05.uasset" 984
"../../../Engine/Content/MapTemplates/TilingNoise05.uexp" 985
"../../../Engine/Content/EngineSky/VolumetricClouds/T_NoiseShape.uexp" 986
"../../../Engine/Content/EngineSky/VolumetricClouds/T_NoiseShape.ubulk" 987
"../../../Engine/Content/EngineSky/VolumetricClouds/T_NoiseShape.uasset" 988
"../../../Engine/Content/EngineSky/VolumetricClouds/T_NoiseShape.uptnl" 989
"../../../Engine/Content/EngineSky/VolumetricClouds/T_VolumeNoiseShape128.uasset" 990
"../../../Engine/Content/EngineSky/VolumetricClouds/T_VolumeNoiseShape128.uexp" 991
"../../../Engine/Content/Functions/Engine_MaterialFunctions02/Texturing/Flowmaps_3D.uasset" 992
"../../../Engine/Content/Functions/Engine_MaterialFunctions02/Texturing/Flowmaps_3D.uexp" 993
"../../../Engine/Plugins/Experimental/Volumetrics/Content/Tools/CloudCompositing/Textures/T_CloudMask_01_Storm.uasset" 994
"../../../Engine/Plugins/Experimental/Volumetrics/Content/Tools/CloudCompositing/Textures/T_CloudMask_01_Storm.uexp" 995
"../../../Engine/Plugins/Experimental/Volumetrics/Content/Tools/CloudCompositing/MPC/MPC_Clouds.uasset" 996
"../../../Engine/Plugins/Experimental/Volumetrics/Content/Tools/CloudCompositing/MPC/MPC_Clouds.uexp" 997
"../../../Engine/Plugins/Experimental/Volumetrics/Content/Tools/CloudCompositing/RenderTargets/RT_Flowmap_01.uasset" 998
"../../../Engine/Plugins/Experimental/Volumetrics/Content/Tools/CloudCompositing/RenderTargets/RT_Flowmap_01.uexp" 999
"../../../Engine/Content/Functions/Engine_MaterialFunctions02/Texturing/Flowmaps_2D.uasset" 1000
"../../../Engine/Content/Functions/Engine_MaterialFunctions02/Texturing/Flowmaps_2D.uexp" 1001
"../../../Engine/Plugins/Experimental/Volumetrics/Content/Tools/CloudCompositing/RenderTargets/RT_CloudMask_01.uasset" 1002
"../../../Engine/Plugins/Experimental/Volumetrics/Content/Tools/CloudCompositing/RenderTargets/RT_CloudMask_01.uexp" 1003
"../../../Engine/Plugins/Experimental/Volumetrics/Content/Tools/CloudCompositing/Textures/Profile_01.ubulk" 1004
"../../../Engine/Plugins/Experimental/Volumetrics/Content/Tools/CloudCompositing/Textures/Profile_01.uasset" 1005
"../../../Engine/Plugins/Experimental/Volumetrics/Content/Tools/CloudCompositing/Textures/Profile_01.uexp" 1006
"../../../Engine/Content/Functions/Engine_MaterialFunctions02/Math/TimeWithSpeedVariable.uasset" 1007
"../../../Engine/Content/Functions/Engine_MaterialFunctions02/Math/TimeWithSpeedVariable.uexp" 1008
"../../../Engine/Plugins/Experimental/Volumetrics/Content/Content/Sky/Materials/M_VolumetricCloud_02_Profiles_PaintClouds.uasset" 1009
"../../../Engine/Plugins/Experimental/Volumetrics/Content/Content/Sky/Materials/M_VolumetricCloud_02_Profiles_PaintClouds.uexp" 1010
"../../../Engine/Content/Maps/Templates/HLODs/HLODLayer_Merged.uasset" 1011
"../../../Engine/Content/Maps/Templates/HLODs/HLODLayer_Merged.uexp" 1012
"../../../Engine/Content/Functions/Engine_MaterialFunctions01/Shading/PowerToRoughness.uasset" 1013
"../../../Engine/Content/Functions/Engine_MaterialFunctions01/Shading/PowerToRoughness.uexp" 1014
"../../../Engine/Content/Functions/Engine_MaterialFunctions01/Shading/ConvertFromDiffSpec.uasset" 1015
"../../../Engine/Content/Functions/Engine_MaterialFunctions01/Shading/ConvertFromDiffSpec.uexp" 1016
"../../../Engine/Content/Maps/Entry_BuiltData.uasset" 1017
"../../../Engine/Content/Maps/Entry_BuiltData.uexp" 1018
"../../../Engine/Content/Maps/Entry.uexp" 1019
"../../../Engine/Content/Maps/Entry.umap" 1020
"../../../Engine/Content/Maps/Templates/HLODs/HLODLayer_Instanced.uasset" 1021
"../../../Engine/Content/Maps/Templates/HLODs/HLODLayer_Instanced.uexp" 1022
"F:/GitHub/exodus_dev/Exodus/Content/Audio/Music/Alaria_Ambient.ubulk" 1023
"F:/GitHub/exodus_dev/Exodus/Content/Audio/Music/Alaria_Ambient.uasset" 1024
"F:/GitHub/exodus_dev/Exodus/Content/Audio/Music/Alaria_Ambient.uexp" 1025
"F:/GitHub/exodus_dev/Exodus/Content/Blueprints/GameInstanceBP.uasset" 1026
"F:/GitHub/exodus_dev/Exodus/Content/Blueprints/GameInstanceBP.uexp" 1027
"F:/GitHub/exodus_dev/Exodus/Content/UIUX/UI_Tutorial.uasset" 1028
"F:/GitHub/exodus_dev/Exodus/Content/UIUX/UI_Tutorial.uexp" 1029
"F:/GitHub/exodus_dev/Exodus/Content/ThirdPerson/Maps/TileDebugLevel.uexp" 1030
"F:/GitHub/exodus_dev/Exodus/Content/ThirdPerson/Maps/TileDebugLevel.umap" 1031
"F:/GitHub/exodus_dev/Exodus/Content/UIUX/Images/title.uasset" 1032
"F:/GitHub/exodus_dev/Exodus/Content/UIUX/Images/title.uexp" 1033
"F:/GitHub/exodus_dev/Exodus/Content/Movies/CandlePlayer.uasset" 1034
"F:/GitHub/exodus_dev/Exodus/Content/Movies/CandlePlayer.uexp" 1035
"F:/GitHub/exodus_dev/Exodus/Content/Movies/CandlePlayer_Video.uasset" 1036
"F:/GitHub/exodus_dev/Exodus/Content/Movies/CandlePlayer_Video.uexp" 1037
"F:/GitHub/exodus_dev/Exodus/Content/Movies/CandlePlayer_Video_Mat.uasset" 1038
"F:/GitHub/exodus_dev/Exodus/Content/Movies/CandlePlayer_Video_Mat.uexp" 1039
"F:/GitHub/exodus_dev/Exodus/Content/UIUX/UI_IntroAndOutro.uasset" 1040
"F:/GitHub/exodus_dev/Exodus/Content/UIUX/UI_IntroAndOutro.uexp" 1041
"F:/GitHub/exodus_dev/Exodus/Content/Movies/Intro_Candle.uasset" 1042
"F:/GitHub/exodus_dev/Exodus/Content/Movies/Intro_Candle.uexp" 1043
"F:/GitHub/exodus_dev/Exodus/Content/UIUX/UI_MainMenu.uasset" 1044
"F:/GitHub/exodus_dev/Exodus/Content/UIUX/UI_MainMenu.uexp" 1045
"F:/GitHub/exodus_dev/Exodus/Content/Audio/Music/Alaria_mainMenu_v1__1_.ubulk" 1046
"F:/GitHub/exodus_dev/Exodus/Content/Audio/Music/Alaria_mainMenu_v1__1_.uasset" 1047
"F:/GitHub/exodus_dev/Exodus/Content/Audio/Music/Alaria_mainMenu_v1__1_.uexp" 1048
"F:/GitHub/exodus_dev/Exodus/Content/ThirdPerson/Maps/MainMenu.uexp" 1049
"F:/GitHub/exodus_dev/Exodus/Content/ThirdPerson/Maps/MainMenu.umap" 1050
"F:/GitHub/exodus_dev/Exodus/Content/Interfaces/ThirdPerson/Maps/MainMenu.uexp" 1051
"F:/GitHub/exodus_dev/Exodus/Content/Interfaces/ThirdPerson/Maps/MainMenu.umap" 1052
