[+] Containers:
 |- [+] Container: /Game/ThirdPerson/Maps/GameBoard
 |   |- [+] ActorDescs:
 |   |   |- Guid:0ED1E05847EED5A5708C4FA471603070 BaseClass:/Game/Blueprints/Sprite_FaceCamera/Sprite_Camera.Sprite_Camera_C NativeClass:/Script/Engine.Actor Name:Sprite_Camera_C_UAID_E02BE9F68096EED801_1559166143 Label:Sprite_Camera SpatiallyLoaded:1 Bounds:IsValid=true, Min=(X=980.000 Y=860.000 Z=100.000), Max=(X=980.000 Y=960.000 Z=200.000) RuntimeGrid:None EditorOnly:0 RuntimeOnly:0 HLODRelevant:0
 |   |   |- Guid:2D553F414EAEB19CDE8EB5B9A445E36F BaseClass: NativeClass:/Script/Engine.WorldDataLayers Name:WorldDataLayers Label:WorldDataLayers SpatiallyLoaded:0 Bounds:IsValid=true, Min=(X=0.000 Y=0.000 Z=0.000), Max=(X=0.000 Y=0.000 Z=0.000) RuntimeGrid:None EditorOnly:0 RuntimeOnly:0 HLODRelevant:0
 |   |   |- Guid:34F6D90249763AB927E82F8909E0DEB6 BaseClass: NativeClass:/Script/Engine.PostProcessVolume Name:PostProcessVolume_0 Label:PostProcessVolume SpatiallyLoaded:0 Bounds:IsValid=true, Min=(X=0.000 Y=0.000 Z=70.000), Max=(X=200.000 Y=200.000 Z=270.000) RuntimeGrid:None EditorOnly:0 RuntimeOnly:0 HLODRelevant:0 FolderPath:Lighting FolderGuid:963EC3EB4002CCE9759E2EBA541A873A
 |   |   |- Guid:3AB2EED4413EEE4970D865941CD005A1 BaseClass: NativeClass:/Script/Engine.CullDistanceVolume Name:CullDistanceVolume_UAID_34735AEE4C2158DD01_2073125027 Label:CullDistanceVolume SpatiallyLoaded:1 Bounds:IsValid=true, Min=(X=-10360.000 Y=-9010.000 Z=-8820.000), Max=(X=9640.000 Y=10990.000 Z=11180.000) RuntimeGrid:None EditorOnly:0 RuntimeOnly:0 HLODRelevant:0
 |   |   |- Guid:3FD64BCC4349F4FD5A5DA38B0322979D BaseClass: NativeClass:/Script/Engine.ExponentialHeightFog Name:ExponentialHeightFog_0 Label:ExponentialHeightFog SpatiallyLoaded:0 Bounds:IsValid=true, Min=(X=-5600.000 Y=-50.000 Z=-6850.000), Max=(X=-5600.000 Y=-50.000 Z=-6850.000) RuntimeGrid:None EditorOnly:0 RuntimeOnly:0 HLODRelevant:0 FolderPath:Lighting FolderGuid:963EC3EB4002CCE9759E2EBA541A873A
 |   |   |- Guid:5828205B4FB6A04597F9B4BA0B9670FF BaseClass: NativeClass:/Script/Engine.VolumetricCloud Name:VolumetricCloud_0 Label:VolumetricCloud SpatiallyLoaded:0 Bounds:IsValid=true, Min=(X=0.000 Y=0.000 Z=250.000), Max=(X=0.000 Y=0.000 Z=250.000) RuntimeGrid:None EditorOnly:0 RuntimeOnly:0 HLODRelevant:0 FolderPath:Lighting FolderGuid:963EC3EB4002CCE9759E2EBA541A873A
 |   |   |- Guid:585F584544845E57EBF07B97070CEF39 BaseClass: NativeClass:/Script/Engine.DirectionalLight Name:DirectionalLight_0 Label:DirectionalLight SpatiallyLoaded:0 Bounds:IsValid=true, Min=(X=-4398046511104.000 Y=-4398046511104.000 Z=-4398046511104.000), Max=(X=4398046511104.000 Y=4398046511104.000 Z=4398046511104.000) RuntimeGrid:None EditorOnly:0 RuntimeOnly:0 HLODRelevant:0 FolderPath:Lighting FolderGuid:963EC3EB4002CCE9759E2EBA541A873A
 |   |   |- Guid:68D00D1B4F74B091C8F0FABC4F0BA05D BaseClass:/Game/Blueprints/GenerativeTiles/BP_HexGrid.BP_HexGrid_C NativeClass:/Script/Engine.Actor Name:StaticMeshActor_1 Label:SM_Cube SpatiallyLoaded:1 Bounds:IsValid=true, Min=(X=-2833.205 Y=-4140.000 Z=-1044.745), Max=(X=2443.603 Y=604.300 Z=364.965) RuntimeGrid:None EditorOnly:0 RuntimeOnly:0 HLODRelevant:0 FolderPath:Playground FolderGuid:C73F09FC4215536B1DCE2A9E0A830C70
 |   |   |- Guid:834595464FF87F067DAB3EB0F7370B79 BaseClass: NativeClass:/Script/Engine.SkyAtmosphere Name:SkyAtmosphere_0 Label:SkyAtmosphere SpatiallyLoaded:0 Bounds:IsValid=true, Min=(X=0.000 Y=0.000 Z=450.000), Max=(X=0.000 Y=0.000 Z=450.000) RuntimeGrid:None EditorOnly:0 RuntimeOnly:0 HLODRelevant:0 FolderPath:Lighting FolderGuid:963EC3EB4002CCE9759E2EBA541A873A
 |   |   |- Guid:9F0A13C449E5646DB2C26D9C246AB82A BaseClass:/Game/ThirdPerson/Blueprints/BP_ThirdPersonCharacter.BP_ThirdPersonCharacter_C NativeClass:/Script/Engine.Character Name:BP_ThirdPersonCharacter_C_UAID_34735AEE4C2158DD01_1417522026 Label:BP_ThirdPersonCharacter SpatiallyLoaded:1 Bounds:IsValid=true, Min=(X=275.000 Y=855.000 Z=228.258), Max=(X=347.591 Y=925.000 Z=410.000) RuntimeGrid:None EditorOnly:0 RuntimeOnly:0 HLODRelevant:0
 |   |   |- Guid:A0D6469A47BADD1030406DBCCA899053 BaseClass: NativeClass:/Script/Engine.SkyLight Name:SkyLight_1 Label:SkyLight SpatiallyLoaded:0 Bounds:IsValid=true, Min=(X=0.000 Y=0.000 Z=120.000), Max=(X=0.000 Y=0.000 Z=120.000) RuntimeGrid:None EditorOnly:0 RuntimeOnly:0 HLODRelevant:0 FolderPath:Lighting FolderGuid:963EC3EB4002CCE9759E2EBA541A873A
 |   |   |- Guid:B0869FA4403694DA1BC41AAF4A5E4A88 BaseClass:/Game/Blueprints/Sprite_FaceCamera/Sprite_Tree.Sprite_Tree_C NativeClass:/Script/Engine.Actor Name:Sprite_Tree_C_UAID_E02BE9F68096D4D901_1445035624 Label:Sprite_Tree SpatiallyLoaded:1 Bounds:IsValid=true, Min=(X=-4090.000 Y=1025.000 Z=-288.750), Max=(X=-4090.000 Y=1375.000 Z=348.750) RuntimeGrid:None EditorOnly:0 RuntimeOnly:0 HLODRelevant:0
 |   |   |- Guid:B4D8CF3E47810AC757850BB7FBBCFCEE BaseClass:/Game/Blueprints/Sprite_FaceCamera/Sprite_Tree.Sprite_Tree_C NativeClass:/Script/Engine.Actor Name:Sprite_Tree_C_UAID_E02BE9F68096D4D901_1516421625 Label:Sprite_Tree2 SpatiallyLoaded:1 Bounds:IsValid=true, Min=(X=-3910.000 Y=705.000 Z=-228.750), Max=(X=-3910.000 Y=1055.000 Z=408.750) RuntimeGrid:None EditorOnly:0 RuntimeOnly:0 HLODRelevant:0
 |   |   |- Guid:BC96757F492FEA0E33ABC3B309D3510B BaseClass: NativeClass:/Script/Engine.PlayerStart Name:PlayerStart_0 Label:PlayerStart SpatiallyLoaded:0 Bounds:IsValid=true, Min=(X=310.000 Y=840.000 Z=240.013), Max=(X=390.000 Y=920.000 Z=424.013) RuntimeGrid:None EditorOnly:0 RuntimeOnly:0 HLODRelevant:0
 |   |   |- Guid:CAE7BED247C7DA24BB1ACDA35B5B497A BaseClass: NativeClass:/Script/Engine.StaticMeshActor Name:StaticMeshActor_UAID_E02BE9F68096E6D801_1661199735 Label:hexagon SpatiallyLoaded:1 Bounds:IsValid=true, Min=(X=-3426.603 Y=1040.000 Z=149.000), Max=(X=-3253.397 Y=1240.000 Z=190.000) RuntimeGrid:None EditorOnly:0 RuntimeOnly:0 HLODRelevant:1
 |   |   |- Guid:E683E0924C9700E5466A31B195874D07 BaseClass:/Game/Blueprints/GenerativeTiles/BP_HexGrid.BP_HexGrid_C NativeClass:/Script/Engine.Actor Name:BP_HexGrid_C_UAID_E02BE9F68096E6D801_2135705738 Label:BP_HexGrid SpatiallyLoaded:1 Bounds:IsValid=true, Min=(X=-9433.205 Y=-380.000 Z=-1083.158), Max=(X=-2075.397 Y=6282.300 Z=372.479) RuntimeGrid:None EditorOnly:0 RuntimeOnly:0 HLODRelevant:0
 |   |   |- Guid:F941552941F39A42DBBF83BCCF5005FD BaseClass: NativeClass:/Script/Engine.StaticMeshActor Name:StaticMeshActor_UAID_A4AE111137DC5EFB00_1110535423 Label:SM_SkySphere SpatiallyLoaded:0 Bounds:IsValid=true, Min=(X=-1638400.000 Y=-1638400.000 Z=-1638400.000), Max=(X=1638400.000 Y=1638400.000 Z=1638400.000) RuntimeGrid:None EditorOnly:0 RuntimeOnly:0 HLODRelevant:1 FolderPath:Lighting FolderGuid:963EC3EB4002CCE9759E2EBA541A873A
 |   |- [+] Clusters:
 |   |   |- [+] [  0]
 |   |   |   |- Guid:E683E0924C9700E5466A31B195874D07 BaseClass:/Game/Blueprints/GenerativeTiles/BP_HexGrid.BP_HexGrid_C NativeClass:/Script/Engine.Actor Name:BP_HexGrid_C_UAID_E02BE9F68096E6D801_2135705738 Label:BP_HexGrid SpatiallyLoaded:1 Bounds:IsValid=true, Min=(X=-9433.205 Y=-380.000 Z=-1083.158), Max=(X=-2075.397 Y=6282.300 Z=372.479) RuntimeGrid:None EditorOnly:0 RuntimeOnly:0 HLODRelevant:0
 |   |   |- [+] [  1]
 |   |   |   |- Guid:F941552941F39A42DBBF83BCCF5005FD BaseClass: NativeClass:/Script/Engine.StaticMeshActor Name:StaticMeshActor_UAID_A4AE111137DC5EFB00_1110535423 Label:SM_SkySphere SpatiallyLoaded:0 Bounds:IsValid=true, Min=(X=-1638400.000 Y=-1638400.000 Z=-1638400.000), Max=(X=1638400.000 Y=1638400.000 Z=1638400.000) RuntimeGrid:None EditorOnly:0 RuntimeOnly:0 HLODRelevant:1 FolderPath:Lighting FolderGuid:963EC3EB4002CCE9759E2EBA541A873A
 |   |   |- [+] [  2]
 |   |   |   |- Guid:B0869FA4403694DA1BC41AAF4A5E4A88 BaseClass:/Game/Blueprints/Sprite_FaceCamera/Sprite_Tree.Sprite_Tree_C NativeClass:/Script/Engine.Actor Name:Sprite_Tree_C_UAID_E02BE9F68096D4D901_1445035624 Label:Sprite_Tree SpatiallyLoaded:1 Bounds:IsValid=true, Min=(X=-4090.000 Y=1025.000 Z=-288.750), Max=(X=-4090.000 Y=1375.000 Z=348.750) RuntimeGrid:None EditorOnly:0 RuntimeOnly:0 HLODRelevant:0
 |   |   |- [+] [  3]
 |   |   |   |- Guid:3FD64BCC4349F4FD5A5DA38B0322979D BaseClass: NativeClass:/Script/Engine.ExponentialHeightFog Name:ExponentialHeightFog_0 Label:ExponentialHeightFog SpatiallyLoaded:0 Bounds:IsValid=true, Min=(X=-5600.000 Y=-50.000 Z=-6850.000), Max=(X=-5600.000 Y=-50.000 Z=-6850.000) RuntimeGrid:None EditorOnly:0 RuntimeOnly:0 HLODRelevant:0 FolderPath:Lighting FolderGuid:963EC3EB4002CCE9759E2EBA541A873A
 |   |   |- [+] [  4]
 |   |   |   |- Guid:68D00D1B4F74B091C8F0FABC4F0BA05D BaseClass:/Game/Blueprints/GenerativeTiles/BP_HexGrid.BP_HexGrid_C NativeClass:/Script/Engine.Actor Name:StaticMeshActor_1 Label:SM_Cube SpatiallyLoaded:1 Bounds:IsValid=true, Min=(X=-2833.205 Y=-4140.000 Z=-1044.745), Max=(X=2443.603 Y=604.300 Z=364.965) RuntimeGrid:None EditorOnly:0 RuntimeOnly:0 HLODRelevant:0 FolderPath:Playground FolderGuid:C73F09FC4215536B1DCE2A9E0A830C70
 |   |   |- [+] [  5]
 |   |   |   |- Guid:5828205B4FB6A04597F9B4BA0B9670FF BaseClass: NativeClass:/Script/Engine.VolumetricCloud Name:VolumetricCloud_0 Label:VolumetricCloud SpatiallyLoaded:0 Bounds:IsValid=true, Min=(X=0.000 Y=0.000 Z=250.000), Max=(X=0.000 Y=0.000 Z=250.000) RuntimeGrid:None EditorOnly:0 RuntimeOnly:0 HLODRelevant:0 FolderPath:Lighting FolderGuid:963EC3EB4002CCE9759E2EBA541A873A
 |   |   |- [+] [  6]
 |   |   |   |- Guid:0ED1E05847EED5A5708C4FA471603070 BaseClass:/Game/Blueprints/Sprite_FaceCamera/Sprite_Camera.Sprite_Camera_C NativeClass:/Script/Engine.Actor Name:Sprite_Camera_C_UAID_E02BE9F68096EED801_1559166143 Label:Sprite_Camera SpatiallyLoaded:1 Bounds:IsValid=true, Min=(X=980.000 Y=860.000 Z=100.000), Max=(X=980.000 Y=960.000 Z=200.000) RuntimeGrid:None EditorOnly:0 RuntimeOnly:0 HLODRelevant:0
 |   |   |- [+] [  7]
 |   |   |   |- Guid:834595464FF87F067DAB3EB0F7370B79 BaseClass: NativeClass:/Script/Engine.SkyAtmosphere Name:SkyAtmosphere_0 Label:SkyAtmosphere SpatiallyLoaded:0 Bounds:IsValid=true, Min=(X=0.000 Y=0.000 Z=450.000), Max=(X=0.000 Y=0.000 Z=450.000) RuntimeGrid:None EditorOnly:0 RuntimeOnly:0 HLODRelevant:0 FolderPath:Lighting FolderGuid:963EC3EB4002CCE9759E2EBA541A873A
 |   |   |- [+] [  8]
 |   |   |   |- Guid:34F6D90249763AB927E82F8909E0DEB6 BaseClass: NativeClass:/Script/Engine.PostProcessVolume Name:PostProcessVolume_0 Label:PostProcessVolume SpatiallyLoaded:0 Bounds:IsValid=true, Min=(X=0.000 Y=0.000 Z=70.000), Max=(X=200.000 Y=200.000 Z=270.000) RuntimeGrid:None EditorOnly:0 RuntimeOnly:0 HLODRelevant:0 FolderPath:Lighting FolderGuid:963EC3EB4002CCE9759E2EBA541A873A
 |   |   |- [+] [  9]
 |   |   |   |- Guid:585F584544845E57EBF07B97070CEF39 BaseClass: NativeClass:/Script/Engine.DirectionalLight Name:DirectionalLight_0 Label:DirectionalLight SpatiallyLoaded:0 Bounds:IsValid=true, Min=(X=-4398046511104.000 Y=-4398046511104.000 Z=-4398046511104.000), Max=(X=4398046511104.000 Y=4398046511104.000 Z=4398046511104.000) RuntimeGrid:None EditorOnly:0 RuntimeOnly:0 HLODRelevant:0 FolderPath:Lighting FolderGuid:963EC3EB4002CCE9759E2EBA541A873A
 |   |   |- [+] [ 10]
 |   |   |   |- Guid:2D553F414EAEB19CDE8EB5B9A445E36F BaseClass: NativeClass:/Script/Engine.WorldDataLayers Name:WorldDataLayers Label:WorldDataLayers SpatiallyLoaded:0 Bounds:IsValid=true, Min=(X=0.000 Y=0.000 Z=0.000), Max=(X=0.000 Y=0.000 Z=0.000) RuntimeGrid:None EditorOnly:0 RuntimeOnly:0 HLODRelevant:0
 |   |   |- [+] [ 11]
 |   |   |   |- Guid:BC96757F492FEA0E33ABC3B309D3510B BaseClass: NativeClass:/Script/Engine.PlayerStart Name:PlayerStart_0 Label:PlayerStart SpatiallyLoaded:0 Bounds:IsValid=true, Min=(X=310.000 Y=840.000 Z=240.013), Max=(X=390.000 Y=920.000 Z=424.013) RuntimeGrid:None EditorOnly:0 RuntimeOnly:0 HLODRelevant:0
 |   |   |- [+] [ 12]
 |   |   |   |- Guid:B4D8CF3E47810AC757850BB7FBBCFCEE BaseClass:/Game/Blueprints/Sprite_FaceCamera/Sprite_Tree.Sprite_Tree_C NativeClass:/Script/Engine.Actor Name:Sprite_Tree_C_UAID_E02BE9F68096D4D901_1516421625 Label:Sprite_Tree2 SpatiallyLoaded:1 Bounds:IsValid=true, Min=(X=-3910.000 Y=705.000 Z=-228.750), Max=(X=-3910.000 Y=1055.000 Z=408.750) RuntimeGrid:None EditorOnly:0 RuntimeOnly:0 HLODRelevant:0
 |   |   |- [+] [ 13]
 |   |   |   |- Guid:A0D6469A47BADD1030406DBCCA899053 BaseClass: NativeClass:/Script/Engine.SkyLight Name:SkyLight_1 Label:SkyLight SpatiallyLoaded:0 Bounds:IsValid=true, Min=(X=0.000 Y=0.000 Z=120.000), Max=(X=0.000 Y=0.000 Z=120.000) RuntimeGrid:None EditorOnly:0 RuntimeOnly:0 HLODRelevant:0 FolderPath:Lighting FolderGuid:963EC3EB4002CCE9759E2EBA541A873A
 |   |   |- [+] [ 14]
 |   |   |   |- Guid:CAE7BED247C7DA24BB1ACDA35B5B497A BaseClass: NativeClass:/Script/Engine.StaticMeshActor Name:StaticMeshActor_UAID_E02BE9F68096E6D801_1661199735 Label:hexagon SpatiallyLoaded:1 Bounds:IsValid=true, Min=(X=-3426.603 Y=1040.000 Z=149.000), Max=(X=-3253.397 Y=1240.000 Z=190.000) RuntimeGrid:None EditorOnly:0 RuntimeOnly:0 HLODRelevant:1
 |   |   |- [+] [ 15]
 |   |   |   |- Guid:9F0A13C449E5646DB2C26D9C246AB82A BaseClass:/Game/ThirdPerson/Blueprints/BP_ThirdPersonCharacter.BP_ThirdPersonCharacter_C NativeClass:/Script/Engine.Character Name:BP_ThirdPersonCharacter_C_UAID_34735AEE4C2158DD01_1417522026 Label:BP_ThirdPersonCharacter SpatiallyLoaded:1 Bounds:IsValid=true, Min=(X=275.000 Y=855.000 Z=228.258), Max=(X=347.591 Y=925.000 Z=410.000) RuntimeGrid:None EditorOnly:0 RuntimeOnly:0 HLODRelevant:0
 |   |   |- [+] [ 16]
 |   |   |   |- Guid:3AB2EED4413EEE4970D865941CD005A1 BaseClass: NativeClass:/Script/Engine.CullDistanceVolume Name:CullDistanceVolume_UAID_34735AEE4C2158DD01_2073125027 Label:CullDistanceVolume SpatiallyLoaded:1 Bounds:IsValid=true, Min=(X=-10360.000 Y=-9010.000 Z=-8820.000), Max=(X=9640.000 Y=10990.000 Z=11180.000) RuntimeGrid:None EditorOnly:0 RuntimeOnly:0 HLODRelevant:0
 |- ContainerInstances:
 |- [+] MainContainer:
 |   |-        ID: 0x0000000000000000
 |   |-    Bounds: IsValid=false, Min=(X=0.000 Y=0.000 Z=0.000), Max=(X=0.000 Y=0.000 Z=0.000)
 |   |- Transform: 0.000000,0.000000,0.000000|0.000000,0.000000,-0.000000|1.000000,1.000000,1.000000
 |   |- Container: /Game/ThirdPerson/Maps/GameBoard
----------------------------------------------------------------------------------------------------------------
GameBoard - Persistent Level
----------------------------------------------------------------------------------------------------------------
Always loaded Actor Count: 24 

----------------------------------------------------------------------------------------------------------------
GameBoard - Runtime Spatial Hash - Streaming Grid - MainGrid
----------------------------------------------------------------------------------------------------------------
            Origin: X=0.000 Y=0.000 Z=0.000
         Cell Size: 12800
      World Bounds: IsValid=false, Min=(X=0.000 Y=0.000 Z=0.000), Max=(X=0.000 Y=0.000 Z=0.000)
     Loading Range: 25600.00
Block Slow Loading: No
 ClientOnlyVisible: No

[+] Grid Levels: 1
 |- Level  0: Cell Count    0 | Cell Size   12800 | Actor Count    0 (0.0%)

[+] Content of Grid Level 0

